{"/Users/josephlavelle/Documents/School/Personal/Groq/frontend/src/App.jsx": {"path":"/Users/josephlavelle/Documents/School/Personal/Groq/frontend/src/App.jsx","statementMap":{"0":{"start":{"line":14,"column":2},"end":{"line":51,"column":null}},"1":{"start":{"line":56,"column":2},"end":{"line":61,"column":null}}},"fnMap":{"0":{"name":"AppContent","decl":{"start":{"line":13,"column":9},"end":{"line":13,"column":22}},"loc":{"start":{"line":13,"column":22},"end":{"line":53,"column":null}},"line":13},"1":{"name":"App","decl":{"start":{"line":55,"column":9},"end":{"line":55,"column":15}},"loc":{"start":{"line":55,"column":15},"end":{"line":63,"column":null}},"line":55}},"branchMap":{},"s":{"0":0,"1":0},"f":{"0":0,"1":0},"b":{},"meta":{"lastBranch":0,"lastFunction":2,"lastStatement":2,"seen":{"f:13:9:13:22":0,"s:14:2:51:Infinity":0,"f:55:9:55:15":1,"s:56:2:61:Infinity":1}}}
,"/Users/josephlavelle/Documents/School/Personal/Groq/frontend/src/components/ProtectedRoute.jsx": {"path":"/Users/josephlavelle/Documents/School/Personal/Groq/frontend/src/components/ProtectedRoute.jsx","statementMap":{"0":{"start":{"line":5,"column":24},"end":{"line":5,"column":null}},"1":{"start":{"line":7,"column":2},"end":{"line":18,"column":null}},"2":{"start":{"line":8,"column":4},"end":{"line":16,"column":null}},"3":{"start":{"line":20,"column":2},"end":{"line":22,"column":null}},"4":{"start":{"line":21,"column":4},"end":{"line":21,"column":null}},"5":{"start":{"line":24,"column":2},"end":{"line":24,"column":null}}},"fnMap":{"0":{"name":"ProtectedRoute","decl":{"start":{"line":4,"column":24},"end":{"line":4,"column":39}},"loc":{"start":{"line":4,"column":53},"end":{"line":25,"column":null}},"line":4}},"branchMap":{"0":{"loc":{"start":{"line":7,"column":2},"end":{"line":18,"column":null}},"type":"if","locations":[{"start":{"line":7,"column":2},"end":{"line":18,"column":null}},{"start":{},"end":{}}],"line":7},"1":{"loc":{"start":{"line":20,"column":2},"end":{"line":22,"column":null}},"type":"if","locations":[{"start":{"line":20,"column":2},"end":{"line":22,"column":null}},{"start":{},"end":{}}],"line":20}},"s":{"0":5,"1":5,"2":3,"3":2,"4":1,"5":1},"f":{"0":5},"b":{"0":[3,2],"1":[1,1]},"meta":{"lastBranch":2,"lastFunction":1,"lastStatement":6,"seen":{"f:4:24:4:39":0,"s:5:24:5:Infinity":0,"b:7:2:18:Infinity:undefined:undefined:undefined:undefined":0,"s:7:2:18:Infinity":1,"s:8:4:16:Infinity":2,"b:20:2:22:Infinity:undefined:undefined:undefined:undefined":1,"s:20:2:22:Infinity":3,"s:21:4:21:Infinity":4,"s:24:2:24:Infinity":5}}}
,"/Users/josephlavelle/Documents/School/Personal/Groq/frontend/src/context/AuthContext.jsx": {"path":"/Users/josephlavelle/Documents/School/Personal/Groq/frontend/src/context/AuthContext.jsx","statementMap":{"0":{"start":{"line":3,"column":6},"end":{"line":3,"column":null}},"1":{"start":{"line":5,"column":17},"end":{"line":5,"column":null}},"2":{"start":{"line":8,"column":22},"end":{"line":8,"column":null}},"3":{"start":{"line":9,"column":28},"end":{"line":9,"column":null}},"4":{"start":{"line":11,"column":2},"end":{"line":13,"column":null}},"5":{"start":{"line":12,"column":4},"end":{"line":12,"column":null}},"6":{"start":{"line":15,"column":20},"end":{"line":29,"column":null}},"7":{"start":{"line":16,"column":4},"end":{"line":28,"column":null}},"8":{"start":{"line":17,"column":23},"end":{"line":19,"column":null}},"9":{"start":{"line":20,"column":6},"end":{"line":23,"column":null}},"10":{"start":{"line":21,"column":21},"end":{"line":21,"column":null}},"11":{"start":{"line":22,"column":8},"end":{"line":22,"column":null}},"12":{"start":{"line":25,"column":6},"end":{"line":25,"column":null}},"13":{"start":{"line":27,"column":6},"end":{"line":27,"column":null}},"14":{"start":{"line":31,"column":16},"end":{"line":59,"column":null}},"15":{"start":{"line":33,"column":4},"end":{"line":44,"column":null}},"16":{"start":{"line":34,"column":6},"end":{"line":41,"column":null}},"17":{"start":{"line":43,"column":6},"end":{"line":43,"column":null}},"18":{"start":{"line":46,"column":24},"end":{"line":46,"column":null}},"19":{"start":{"line":47,"column":4},"end":{"line":49,"column":null}},"20":{"start":{"line":48,"column":6},"end":{"line":48,"column":null}},"21":{"start":{"line":51,"column":17},"end":{"line":51,"column":null}},"22":{"start":{"line":53,"column":4},"end":{"line":55,"column":null}},"23":{"start":{"line":54,"column":6},"end":{"line":54,"column":null}},"24":{"start":{"line":57,"column":4},"end":{"line":57,"column":null}},"25":{"start":{"line":58,"column":4},"end":{"line":58,"column":null}},"26":{"start":{"line":61,"column":17},"end":{"line":93,"column":null}},"27":{"start":{"line":63,"column":4},"end":{"line":74,"column":null}},"28":{"start":{"line":64,"column":6},"end":{"line":71,"column":null}},"29":{"start":{"line":73,"column":6},"end":{"line":73,"column":null}},"30":{"start":{"line":76,"column":24},"end":{"line":76,"column":null}},"31":{"start":{"line":77,"column":4},"end":{"line":79,"column":null}},"32":{"start":{"line":78,"column":6},"end":{"line":78,"column":null}},"33":{"start":{"line":81,"column":17},"end":{"line":81,"column":null}},"34":{"start":{"line":83,"column":4},"end":{"line":85,"column":null}},"35":{"start":{"line":84,"column":6},"end":{"line":84,"column":null}},"36":{"start":{"line":89,"column":4},"end":{"line":91,"column":null}},"37":{"start":{"line":90,"column":6},"end":{"line":90,"column":null}},"38":{"start":{"line":92,"column":4},"end":{"line":92,"column":null}},"39":{"start":{"line":95,"column":17},"end":{"line":100,"column":null}},"40":{"start":{"line":96,"column":4},"end":{"line":98,"column":null}},"41":{"start":{"line":99,"column":4},"end":{"line":99,"column":null}},"42":{"start":{"line":102,"column":2},"end":{"line":105,"column":null}},"43":{"start":{"line":110,"column":8},"end":{"line":110,"column":null}},"44":{"start":{"line":111,"column":2},"end":{"line":113,"column":null}},"45":{"start":{"line":112,"column":4},"end":{"line":112,"column":null}},"46":{"start":{"line":114,"column":2},"end":{"line":114,"column":null}}},"fnMap":{"0":{"name":"AuthProvider","decl":{"start":{"line":7,"column":16},"end":{"line":7,"column":29}},"loc":{"start":{"line":7,"column":43},"end":{"line":107,"column":null}},"line":7},"1":{"name":"(anonymous_1)","decl":{"start":{"line":11,"column":12},"end":{"line":11,"column":18}},"loc":{"start":{"line":11,"column":18},"end":{"line":13,"column":5}},"line":11},"2":{"name":"(anonymous_2)","decl":{"start":{"line":15,"column":20},"end":{"line":15,"column":32}},"loc":{"start":{"line":15,"column":32},"end":{"line":29,"column":null}},"line":15},"3":{"name":"(anonymous_3)","decl":{"start":{"line":31,"column":16},"end":{"line":31,"column":23}},"loc":{"start":{"line":31,"column":43},"end":{"line":59,"column":null}},"line":31},"4":{"name":"(anonymous_4)","decl":{"start":{"line":61,"column":17},"end":{"line":61,"column":24}},"loc":{"start":{"line":61,"column":44},"end":{"line":93,"column":null}},"line":61},"5":{"name":"(anonymous_5)","decl":{"start":{"line":95,"column":17},"end":{"line":95,"column":29}},"loc":{"start":{"line":95,"column":29},"end":{"line":100,"column":null}},"line":95},"6":{"name":"useAuth","decl":{"start":{"line":109,"column":16},"end":{"line":109,"column":26}},"loc":{"start":{"line":109,"column":26},"end":{"line":115,"column":null}},"line":109}},"branchMap":{"0":{"loc":{"start":{"line":20,"column":6},"end":{"line":23,"column":null}},"type":"if","locations":[{"start":{"line":20,"column":6},"end":{"line":23,"column":null}},{"start":{},"end":{}}],"line":20},"1":{"loc":{"start":{"line":47,"column":4},"end":{"line":49,"column":null}},"type":"if","locations":[{"start":{"line":47,"column":4},"end":{"line":49,"column":null}},{"start":{},"end":{}}],"line":47},"2":{"loc":{"start":{"line":47,"column":8},"end":{"line":47,"column":67}},"type":"binary-expr","locations":[{"start":{"line":47,"column":8},"end":{"line":47,"column":24}},{"start":{"line":47,"column":24},"end":{"line":47,"column":67}}],"line":47},"3":{"loc":{"start":{"line":53,"column":4},"end":{"line":55,"column":null}},"type":"if","locations":[{"start":{"line":53,"column":4},"end":{"line":55,"column":null}},{"start":{},"end":{}}],"line":53},"4":{"loc":{"start":{"line":54,"column":22},"end":{"line":54,"column":50}},"type":"binary-expr","locations":[{"start":{"line":54,"column":22},"end":{"line":54,"column":36}},{"start":{"line":54,"column":36},"end":{"line":54,"column":50}}],"line":54},"5":{"loc":{"start":{"line":77,"column":4},"end":{"line":79,"column":null}},"type":"if","locations":[{"start":{"line":77,"column":4},"end":{"line":79,"column":null}},{"start":{},"end":{}}],"line":77},"6":{"loc":{"start":{"line":77,"column":8},"end":{"line":77,"column":67}},"type":"binary-expr","locations":[{"start":{"line":77,"column":8},"end":{"line":77,"column":24}},{"start":{"line":77,"column":24},"end":{"line":77,"column":67}}],"line":77},"7":{"loc":{"start":{"line":83,"column":4},"end":{"line":85,"column":null}},"type":"if","locations":[{"start":{"line":83,"column":4},"end":{"line":85,"column":null}},{"start":{},"end":{}}],"line":83},"8":{"loc":{"start":{"line":84,"column":22},"end":{"line":84,"column":51}},"type":"binary-expr","locations":[{"start":{"line":84,"column":22},"end":{"line":84,"column":36}},{"start":{"line":84,"column":36},"end":{"line":84,"column":51}}],"line":84},"9":{"loc":{"start":{"line":89,"column":4},"end":{"line":91,"column":null}},"type":"if","locations":[{"start":{"line":89,"column":4},"end":{"line":91,"column":null}},{"start":{},"end":{}}],"line":89},"10":{"loc":{"start":{"line":111,"column":2},"end":{"line":113,"column":null}},"type":"if","locations":[{"start":{"line":111,"column":2},"end":{"line":113,"column":null}},{"start":{},"end":{}}],"line":111}},"s":{"0":2,"1":2,"2":18,"3":18,"4":18,"5":8,"6":18,"7":8,"8":8,"9":8,"10":8,"11":8,"12":0,"13":8,"14":18,"15":2,"16":2,"17":0,"18":2,"19":2,"20":0,"21":2,"22":2,"23":1,"24":1,"25":1,"26":18,"27":1,"28":1,"29":0,"30":1,"31":1,"32":0,"33":1,"34":1,"35":0,"36":1,"37":1,"38":1,"39":18,"40":1,"41":1,"42":18,"43":21,"44":21,"45":2,"46":18},"f":{"0":18,"1":8,"2":8,"3":2,"4":1,"5":1,"6":21},"b":{"0":[8,0],"1":[0,2],"2":[2,2],"3":[1,1],"4":[1,0],"5":[0,1],"6":[1,1],"7":[0,1],"8":[0,0],"9":[1,0],"10":[2,19]},"meta":{"lastBranch":11,"lastFunction":7,"lastStatement":47,"seen":{"s:3:6:3:Infinity":0,"s:5:17:5:Infinity":1,"f:7:16:7:29":0,"s:8:22:8:Infinity":2,"s:9:28:9:Infinity":3,"s:11:2:13:Infinity":4,"f:11:12:11:18":1,"s:12:4:12:Infinity":5,"s:15:20:29:Infinity":6,"f:15:20:15:32":2,"s:16:4:28:Infinity":7,"s:17:23:19:Infinity":8,"b:20:6:23:Infinity:undefined:undefined:undefined:undefined":0,"s:20:6:23:Infinity":9,"s:21:21:21:Infinity":10,"s:22:8:22:Infinity":11,"s:25:6:25:Infinity":12,"s:27:6:27:Infinity":13,"s:31:16:59:Infinity":14,"f:31:16:31:23":3,"s:33:4:44:Infinity":15,"s:34:6:41:Infinity":16,"s:43:6:43:Infinity":17,"s:46:24:46:Infinity":18,"b:47:4:49:Infinity:undefined:undefined:undefined:undefined":1,"s:47:4:49:Infinity":19,"b:47:8:47:24:47:24:47:67":2,"s:48:6:48:Infinity":20,"s:51:17:51:Infinity":21,"b:53:4:55:Infinity:undefined:undefined:undefined:undefined":3,"s:53:4:55:Infinity":22,"s:54:6:54:Infinity":23,"b:54:22:54:36:54:36:54:50":4,"s:57:4:57:Infinity":24,"s:58:4:58:Infinity":25,"s:61:17:93:Infinity":26,"f:61:17:61:24":4,"s:63:4:74:Infinity":27,"s:64:6:71:Infinity":28,"s:73:6:73:Infinity":29,"s:76:24:76:Infinity":30,"b:77:4:79:Infinity:undefined:undefined:undefined:undefined":5,"s:77:4:79:Infinity":31,"b:77:8:77:24:77:24:77:67":6,"s:78:6:78:Infinity":32,"s:81:17:81:Infinity":33,"b:83:4:85:Infinity:undefined:undefined:undefined:undefined":7,"s:83:4:85:Infinity":34,"s:84:6:84:Infinity":35,"b:84:22:84:36:84:36:84:51":8,"b:89:4:91:Infinity:undefined:undefined:undefined:undefined":9,"s:89:4:91:Infinity":36,"s:90:6:90:Infinity":37,"s:92:4:92:Infinity":38,"s:95:17:100:Infinity":39,"f:95:17:95:29":5,"s:96:4:98:Infinity":40,"s:99:4:99:Infinity":41,"s:102:2:105:Infinity":42,"f:109:16:109:26":6,"s:110:8:110:Infinity":43,"b:111:2:113:Infinity:undefined:undefined:undefined:undefined":10,"s:111:2:113:Infinity":44,"s:112:4:112:Infinity":45,"s:114:2:114:Infinity":46}}}
,"/Users/josephlavelle/Documents/School/Personal/Groq/frontend/src/hooks/useAnalytics.js": {"path":"/Users/josephlavelle/Documents/School/Personal/Groq/frontend/src/hooks/useAnalytics.js","statementMap":{},"fnMap":{},"branchMap":{},"s":{},"f":{},"b":{},"meta":{"lastBranch":0,"lastFunction":0,"lastStatement":0,"seen":{}}}
,"/Users/josephlavelle/Documents/School/Personal/Groq/frontend/src/pages/Home.jsx": {"path":"/Users/josephlavelle/Documents/School/Personal/Groq/frontend/src/pages/Home.jsx","statementMap":{"0":{"start":{"line":6,"column":17},"end":{"line":6,"column":null}},"1":{"start":{"line":9,"column":23},"end":{"line":9,"column":null}},"2":{"start":{"line":10,"column":22},"end":{"line":10,"column":null}},"3":{"start":{"line":11,"column":36},"end":{"line":11,"column":null}},"4":{"start":{"line":12,"column":38},"end":{"line":12,"column":null}},"5":{"start":{"line":14,"column":2},"end":{"line":17,"column":null}},"6":{"start":{"line":15,"column":4},"end":{"line":15,"column":null}},"7":{"start":{"line":16,"column":4},"end":{"line":16,"column":null}},"8":{"start":{"line":19,"column":29},"end":{"line":26,"column":null}},"9":{"start":{"line":20,"column":19},"end":{"line":20,"column":null}},"10":{"start":{"line":21,"column":4},"end":{"line":25,"column":null}},"11":{"start":{"line":22,"column":6},"end":{"line":22,"column":null}},"12":{"start":{"line":24,"column":6},"end":{"line":24,"column":null}},"13":{"start":{"line":28,"column":20},"end":{"line":40,"column":null}},"14":{"start":{"line":29,"column":4},"end":{"line":39,"column":null}},"15":{"start":{"line":30,"column":23},"end":{"line":30,"column":null}},"16":{"start":{"line":31,"column":6},"end":{"line":34,"column":null}},"17":{"start":{"line":32,"column":21},"end":{"line":32,"column":null}},"18":{"start":{"line":33,"column":8},"end":{"line":33,"column":null}},"19":{"start":{"line":36,"column":6},"end":{"line":36,"column":null}},"20":{"start":{"line":38,"column":6},"end":{"line":38,"column":null}},"21":{"start":{"line":42,"column":22},"end":{"line":71,"column":null}},"22":{"start":{"line":43,"column":21},"end":{"line":43,"column":null}},"23":{"start":{"line":44,"column":22},"end":{"line":48,"column":null}},"24":{"start":{"line":50,"column":4},"end":{"line":70,"column":null}},"25":{"start":{"line":51,"column":6},"end":{"line":57,"column":null}},"26":{"start":{"line":52,"column":8},"end":{"line":52,"column":null}},"27":{"start":{"line":54,"column":8},"end":{"line":54,"column":null}},"28":{"start":{"line":55,"column":8},"end":{"line":55,"column":null}},"29":{"start":{"line":56,"column":8},"end":{"line":56,"column":null}},"30":{"start":{"line":56,"column":25},"end":{"line":56,"column":46}},"31":{"start":{"line":59,"column":6},"end":{"line":69,"column":null}},"32":{"start":{"line":61,"column":8},"end":{"line":68,"column":null}},"33":{"start":{"line":62,"column":10},"end":{"line":62,"column":null}},"34":{"start":{"line":63,"column":10},"end":{"line":63,"column":null}},"35":{"start":{"line":64,"column":10},"end":{"line":64,"column":null}},"36":{"start":{"line":64,"column":27},"end":{"line":64,"column":48}},"37":{"start":{"line":66,"column":10},"end":{"line":66,"column":null}},"38":{"start":{"line":67,"column":10},"end":{"line":67,"column":null}},"39":{"start":{"line":67,"column":27},"end":{"line":67,"column":48}},"40":{"start":{"line":73,"column":2},"end":{"line":234,"column":null}},"41":{"start":{"line":158,"column":22},"end":{"line":169,"column":null}},"42":{"start":{"line":164,"column":28},"end":{"line":166,"column":null}},"43":{"start":{"line":197,"column":22},"end":{"line":202,"column":null}}},"fnMap":{"0":{"name":"Home","decl":{"start":{"line":8,"column":24},"end":{"line":8,"column":31}},"loc":{"start":{"line":8,"column":31},"end":{"line":236,"column":null}},"line":8},"1":{"name":"(anonymous_1)","decl":{"start":{"line":14,"column":12},"end":{"line":14,"column":18}},"loc":{"start":{"line":14,"column":18},"end":{"line":17,"column":5}},"line":14},"2":{"name":"(anonymous_2)","decl":{"start":{"line":19,"column":29},"end":{"line":19,"column":35}},"loc":{"start":{"line":19,"column":35},"end":{"line":26,"column":null}},"line":19},"3":{"name":"(anonymous_3)","decl":{"start":{"line":28,"column":20},"end":{"line":28,"column":32}},"loc":{"start":{"line":28,"column":32},"end":{"line":40,"column":null}},"line":28},"4":{"name":"(anonymous_4)","decl":{"start":{"line":42,"column":22},"end":{"line":42,"column":34}},"loc":{"start":{"line":42,"column":34},"end":{"line":71,"column":null}},"line":42},"5":{"name":"(anonymous_5)","decl":{"start":{"line":56,"column":19},"end":{"line":56,"column":25}},"loc":{"start":{"line":56,"column":25},"end":{"line":56,"column":46}},"line":56},"6":{"name":"(anonymous_6)","decl":{"start":{"line":64,"column":21},"end":{"line":64,"column":27}},"loc":{"start":{"line":64,"column":27},"end":{"line":64,"column":48}},"line":64},"7":{"name":"(anonymous_7)","decl":{"start":{"line":67,"column":21},"end":{"line":67,"column":27}},"loc":{"start":{"line":67,"column":27},"end":{"line":67,"column":48}},"line":67},"8":{"name":"(anonymous_8)","decl":{"start":{"line":157,"column":47},"end":{"line":157,"column":48}},"loc":{"start":{"line":158,"column":22},"end":{"line":169,"column":null}},"line":158},"9":{"name":"(anonymous_9)","decl":{"start":{"line":163,"column":41},"end":{"line":163,"column":42}},"loc":{"start":{"line":164,"column":28},"end":{"line":166,"column":null}},"line":164},"10":{"name":"(anonymous_10)","decl":{"start":{"line":196,"column":51},"end":{"line":196,"column":52}},"loc":{"start":{"line":197,"column":22},"end":{"line":202,"column":null}},"line":197}},"branchMap":{"0":{"loc":{"start":{"line":21,"column":4},"end":{"line":25,"column":null}},"type":"if","locations":[{"start":{"line":21,"column":4},"end":{"line":25,"column":null}},{"start":{},"end":{}}],"line":21},"1":{"loc":{"start":{"line":31,"column":6},"end":{"line":34,"column":null}},"type":"if","locations":[{"start":{"line":31,"column":6},"end":{"line":34,"column":null}},{"start":{},"end":{}}],"line":31},"2":{"loc":{"start":{"line":51,"column":6},"end":{"line":57,"column":null}},"type":"if","locations":[{"start":{"line":51,"column":6},"end":{"line":57,"column":null}},{"start":{"line":53,"column":13},"end":{"line":57,"column":null}}],"line":51},"3":{"loc":{"start":{"line":59,"column":6},"end":{"line":69,"column":null}},"type":"if","locations":[{"start":{"line":59,"column":6},"end":{"line":69,"column":null}},{"start":{},"end":{}}],"line":59},"4":{"loc":{"start":{"line":81,"column":36},"end":{"line":81,"column":null}},"type":"cond-expr","locations":[{"start":{"line":81,"column":43},"end":{"line":81,"column":55}},{"start":{"line":81,"column":55},"end":{"line":81,"column":null}}],"line":81},"5":{"loc":{"start":{"line":82,"column":13},"end":{"line":82,"column":null}},"type":"cond-expr","locations":[{"start":{"line":82,"column":20},"end":{"line":82,"column":36}},{"start":{"line":82,"column":36},"end":{"line":82,"column":null}}],"line":82},"6":{"loc":{"start":{"line":85,"column":11},"end":{"line":102,"column":null}},"type":"cond-expr","locations":[{"start":{"line":86,"column":12},"end":{"line":98,"column":null}},{"start":{"line":100,"column":12},"end":{"line":102,"column":null}}],"line":85},"7":{"loc":{"start":{"line":112,"column":13},"end":{"line":112,"column":null}},"type":"binary-expr","locations":[{"start":{"line":112,"column":13},"end":{"line":112,"column":29}},{"start":{"line":112,"column":29},"end":{"line":112,"column":null}}],"line":112},"8":{"loc":{"start":{"line":130,"column":17},"end":{"line":137,"column":null}},"type":"cond-expr","locations":[{"start":{"line":131,"column":18},"end":{"line":133,"column":null}},{"start":{"line":134,"column":20},"end":{"line":137,"column":null}}],"line":130},"9":{"loc":{"start":{"line":134,"column":20},"end":{"line":137,"column":null}},"type":"cond-expr","locations":[{"start":{"line":135,"column":18},"end":{"line":135,"column":null}},{"start":{"line":137,"column":18},"end":{"line":137,"column":null}}],"line":134},"10":{"loc":{"start":{"line":151,"column":17},"end":{"line":176,"column":null}},"type":"cond-expr","locations":[{"start":{"line":152,"column":18},"end":{"line":154,"column":null}},{"start":{"line":155,"column":20},"end":{"line":176,"column":null}}],"line":151},"11":{"loc":{"start":{"line":155,"column":20},"end":{"line":176,"column":null}},"type":"cond-expr","locations":[{"start":{"line":156,"column":18},"end":{"line":174,"column":null}},{"start":{"line":176,"column":18},"end":{"line":176,"column":null}}],"line":155},"12":{"loc":{"start":{"line":164,"column":51},"end":{"line":164,"column":null}},"type":"cond-expr","locations":[{"start":{"line":164,"column":65},"end":{"line":164,"column":77}},{"start":{"line":164,"column":77},"end":{"line":164,"column":null}}],"line":164},"13":{"loc":{"start":{"line":171,"column":21},"end":{"line":172,"column":null}},"type":"binary-expr","locations":[{"start":{"line":171,"column":21},"end":{"line":171,"column":null}},{"start":{"line":172,"column":22},"end":{"line":172,"column":null}}],"line":171},"14":{"loc":{"start":{"line":190,"column":17},"end":{"line":209,"column":null}},"type":"cond-expr","locations":[{"start":{"line":191,"column":18},"end":{"line":193,"column":null}},{"start":{"line":194,"column":20},"end":{"line":209,"column":null}}],"line":190},"15":{"loc":{"start":{"line":194,"column":20},"end":{"line":209,"column":null}},"type":"cond-expr","locations":[{"start":{"line":195,"column":18},"end":{"line":207,"column":null}},{"start":{"line":209,"column":18},"end":{"line":209,"column":null}}],"line":194},"16":{"loc":{"start":{"line":204,"column":21},"end":{"line":205,"column":null}},"type":"binary-expr","locations":[{"start":{"line":204,"column":21},"end":{"line":204,"column":null}},{"start":{"line":205,"column":22},"end":{"line":205,"column":null}}],"line":204}},"s":{"0":0,"1":0,"2":0,"3":0,"4":0,"5":0,"6":0,"7":0,"8":0,"9":0,"10":0,"11":0,"12":0,"13":0,"14":0,"15":0,"16":0,"17":0,"18":0,"19":0,"20":0,"21":0,"22":0,"23":0,"24":0,"25":0,"26":0,"27":0,"28":0,"29":0,"30":0,"31":0,"32":0,"33":0,"34":0,"35":0,"36":0,"37":0,"38":0,"39":0,"40":0,"41":0,"42":0,"43":0},"f":{"0":0,"1":0,"2":0,"3":0,"4":0,"5":0,"6":0,"7":0,"8":0,"9":0,"10":0},"b":{"0":[0,0],"1":[0,0],"2":[0,0],"3":[0,0],"4":[0,0],"5":[0,0],"6":[0,0],"7":[0,0],"8":[0,0],"9":[0,0],"10":[0,0],"11":[0,0],"12":[0,0],"13":[0,0],"14":[0,0],"15":[0,0],"16":[0,0]},"meta":{"lastBranch":17,"lastFunction":11,"lastStatement":44,"seen":{"s:6:17:6:Infinity":0,"f:8:24:8:31":0,"s:9:23:9:Infinity":1,"s:10:22:10:Infinity":2,"s:11:36:11:Infinity":3,"s:12:38:12:Infinity":4,"s:14:2:17:Infinity":5,"f:14:12:14:18":1,"s:15:4:15:Infinity":6,"s:16:4:16:Infinity":7,"s:19:29:26:Infinity":8,"f:19:29:19:35":2,"s:20:19:20:Infinity":9,"b:21:4:25:Infinity:undefined:undefined:undefined:undefined":0,"s:21:4:25:Infinity":10,"s:22:6:22:Infinity":11,"s:24:6:24:Infinity":12,"s:28:20:40:Infinity":13,"f:28:20:28:32":3,"s:29:4:39:Infinity":14,"s:30:23:30:Infinity":15,"b:31:6:34:Infinity:undefined:undefined:undefined:undefined":1,"s:31:6:34:Infinity":16,"s:32:21:32:Infinity":17,"s:33:8:33:Infinity":18,"s:36:6:36:Infinity":19,"s:38:6:38:Infinity":20,"s:42:22:71:Infinity":21,"f:42:22:42:34":4,"s:43:21:43:Infinity":22,"s:44:22:48:Infinity":23,"s:50:4:70:Infinity":24,"b:51:6:57:Infinity:53:13:57:Infinity":2,"s:51:6:57:Infinity":25,"s:52:8:52:Infinity":26,"s:54:8:54:Infinity":27,"s:55:8:55:Infinity":28,"s:56:8:56:Infinity":29,"f:56:19:56:25":5,"s:56:25:56:46":30,"b:59:6:69:Infinity:undefined:undefined:undefined:undefined":3,"s:59:6:69:Infinity":31,"s:61:8:68:Infinity":32,"s:62:10:62:Infinity":33,"s:63:10:63:Infinity":34,"s:64:10:64:Infinity":35,"f:64:21:64:27":6,"s:64:27:64:48":36,"s:66:10:66:Infinity":37,"s:67:10:67:Infinity":38,"f:67:21:67:27":7,"s:67:27:67:48":39,"s:73:2:234:Infinity":40,"b:81:43:81:55:81:55:81:Infinity":4,"b:82:20:82:36:82:36:82:Infinity":5,"b:86:12:98:Infinity:100:12:102:Infinity":6,"b:112:13:112:29:112:29:112:Infinity":7,"b:131:18:133:Infinity:134:20:137:Infinity":8,"b:135:18:135:Infinity:137:18:137:Infinity":9,"b:152:18:154:Infinity:155:20:176:Infinity":10,"b:156:18:174:Infinity:176:18:176:Infinity":11,"f:157:47:157:48":8,"s:158:22:169:Infinity":41,"f:163:41:163:42":9,"s:164:28:166:Infinity":42,"b:164:65:164:77:164:77:164:Infinity":12,"b:171:21:171:Infinity:172:22:172:Infinity":13,"b:191:18:193:Infinity:194:20:209:Infinity":14,"b:195:18:207:Infinity:209:18:209:Infinity":15,"f:196:51:196:52":10,"s:197:22:202:Infinity":43,"b:204:21:204:Infinity:205:22:205:Infinity":16}}}
,"/Users/josephlavelle/Documents/School/Personal/Groq/frontend/src/pages/Library.jsx": {"path":"/Users/josephlavelle/Documents/School/Personal/Groq/frontend/src/pages/Library.jsx","statementMap":{"0":{"start":{"line":4,"column":17},"end":{"line":4,"column":null}},"1":{"start":{"line":7,"column":28},"end":{"line":7,"column":null}},"2":{"start":{"line":8,"column":28},"end":{"line":8,"column":null}},"3":{"start":{"line":9,"column":36},"end":{"line":9,"column":null}},"4":{"start":{"line":10,"column":30},"end":{"line":10,"column":null}},"5":{"start":{"line":11,"column":38},"end":{"line":11,"column":null}},"6":{"start":{"line":12,"column":24},"end":{"line":12,"column":null}},"7":{"start":{"line":13,"column":8},"end":{"line":13,"column":null}},"8":{"start":{"line":15,"column":2},"end":{"line":17,"column":null}},"9":{"start":{"line":16,"column":4},"end":{"line":16,"column":null}},"10":{"start":{"line":19,"column":23},"end":{"line":46,"column":null}},"11":{"start":{"line":20,"column":4},"end":{"line":45,"column":null}},"12":{"start":{"line":21,"column":23},"end":{"line":23,"column":null}},"13":{"start":{"line":25,"column":26},"end":{"line":25,"column":null}},"14":{"start":{"line":26,"column":6},"end":{"line":28,"column":null}},"15":{"start":{"line":27,"column":8},"end":{"line":27,"column":null}},"16":{"start":{"line":30,"column":19},"end":{"line":30,"column":null}},"17":{"start":{"line":32,"column":6},"end":{"line":34,"column":null}},"18":{"start":{"line":33,"column":8},"end":{"line":33,"column":null}},"19":{"start":{"line":36,"column":6},"end":{"line":36,"column":null}},"20":{"start":{"line":38,"column":6},"end":{"line":42,"column":null}},"21":{"start":{"line":39,"column":8},"end":{"line":39,"column":null}},"22":{"start":{"line":41,"column":8},"end":{"line":41,"column":null}},"23":{"start":{"line":44,"column":6},"end":{"line":44,"column":null}},"24":{"start":{"line":48,"column":26},"end":{"line":56,"column":null}},"25":{"start":{"line":49,"column":4},"end":{"line":49,"column":null}},"26":{"start":{"line":49,"column":33},"end":{"line":49,"column":null}},"27":{"start":{"line":51,"column":4},"end":{"line":55,"column":null}},"28":{"start":{"line":52,"column":6},"end":{"line":52,"column":null}},"29":{"start":{"line":54,"column":6},"end":{"line":54,"column":null}},"30":{"start":{"line":58,"column":19},"end":{"line":94,"column":null}},"31":{"start":{"line":59,"column":4},"end":{"line":59,"column":null}},"32":{"start":{"line":59,"column":23},"end":{"line":59,"column":null}},"33":{"start":{"line":61,"column":4},"end":{"line":61,"column":null}},"34":{"start":{"line":62,"column":4},"end":{"line":62,"column":null}},"35":{"start":{"line":64,"column":4},"end":{"line":93,"column":null}},"36":{"start":{"line":65,"column":23},"end":{"line":67,"column":null}},"37":{"start":{"line":69,"column":26},"end":{"line":69,"column":null}},"38":{"start":{"line":70,"column":6},"end":{"line":72,"column":null}},"39":{"start":{"line":71,"column":8},"end":{"line":71,"column":null}},"40":{"start":{"line":74,"column":19},"end":{"line":74,"column":null}},"41":{"start":{"line":76,"column":6},"end":{"line":78,"column":null}},"42":{"start":{"line":77,"column":8},"end":{"line":77,"column":null}},"43":{"start":{"line":80,"column":6},"end":{"line":85,"column":null}},"44":{"start":{"line":87,"column":6},"end":{"line":91,"column":null}},"45":{"start":{"line":88,"column":8},"end":{"line":88,"column":null}},"46":{"start":{"line":90,"column":8},"end":{"line":90,"column":null}},"47":{"start":{"line":92,"column":6},"end":{"line":92,"column":null}},"48":{"start":{"line":96,"column":21},"end":{"line":135,"column":null}},"49":{"start":{"line":97,"column":4},"end":{"line":97,"column":null}},"50":{"start":{"line":97,"column":23},"end":{"line":97,"column":null}},"51":{"start":{"line":99,"column":4},"end":{"line":101,"column":null}},"52":{"start":{"line":100,"column":6},"end":{"line":100,"column":null}},"53":{"start":{"line":103,"column":4},"end":{"line":103,"column":null}},"54":{"start":{"line":104,"column":4},"end":{"line":104,"column":null}},"55":{"start":{"line":106,"column":4},"end":{"line":134,"column":null}},"56":{"start":{"line":107,"column":23},"end":{"line":110,"column":null}},"57":{"start":{"line":112,"column":26},"end":{"line":112,"column":null}},"58":{"start":{"line":113,"column":6},"end":{"line":115,"column":null}},"59":{"start":{"line":114,"column":8},"end":{"line":114,"column":null}},"60":{"start":{"line":117,"column":19},"end":{"line":117,"column":null}},"61":{"start":{"line":119,"column":6},"end":{"line":121,"column":null}},"62":{"start":{"line":120,"column":8},"end":{"line":120,"column":null}},"63":{"start":{"line":124,"column":6},"end":{"line":124,"column":null}},"64":{"start":{"line":124,"column":37},"end":{"line":124,"column":61}},"65":{"start":{"line":125,"column":6},"end":{"line":125,"column":null}},"66":{"start":{"line":127,"column":6},"end":{"line":131,"column":null}},"67":{"start":{"line":128,"column":8},"end":{"line":128,"column":null}},"68":{"start":{"line":130,"column":8},"end":{"line":130,"column":null}},"69":{"start":{"line":133,"column":6},"end":{"line":133,"column":null}},"70":{"start":{"line":137,"column":21},"end":{"line":144,"column":null}},"71":{"start":{"line":138,"column":17},"end":{"line":138,"column":null}},"72":{"start":{"line":139,"column":4},"end":{"line":143,"column":null}},"73":{"start":{"line":146,"column":2},"end":{"line":157,"column":null}},"74":{"start":{"line":147,"column":4},"end":{"line":155,"column":null}},"75":{"start":{"line":159,"column":2},"end":{"line":292,"column":null}},"76":{"start":{"line":186,"column":35},"end":{"line":186,"column":null}},"77":{"start":{"line":187,"column":16},"end":{"line":219,"column":null}},"78":{"start":{"line":191,"column":35},"end":{"line":191,"column":null}}},"fnMap":{"0":{"name":"Library","decl":{"start":{"line":6,"column":24},"end":{"line":6,"column":34}},"loc":{"start":{"line":6,"column":34},"end":{"line":294,"column":null}},"line":6},"1":{"name":"(anonymous_1)","decl":{"start":{"line":15,"column":12},"end":{"line":15,"column":18}},"loc":{"start":{"line":15,"column":18},"end":{"line":17,"column":5}},"line":15},"2":{"name":"(anonymous_2)","decl":{"start":{"line":19,"column":23},"end":{"line":19,"column":35}},"loc":{"start":{"line":19,"column":35},"end":{"line":46,"column":null}},"line":19},"3":{"name":"(anonymous_3)","decl":{"start":{"line":48,"column":26},"end":{"line":48,"column":27}},"loc":{"start":{"line":48,"column":36},"end":{"line":56,"column":null}},"line":48},"4":{"name":"(anonymous_4)","decl":{"start":{"line":58,"column":19},"end":{"line":58,"column":31}},"loc":{"start":{"line":58,"column":31},"end":{"line":94,"column":null}},"line":58},"5":{"name":"(anonymous_5)","decl":{"start":{"line":96,"column":21},"end":{"line":96,"column":33}},"loc":{"start":{"line":96,"column":33},"end":{"line":135,"column":null}},"line":96},"6":{"name":"(anonymous_6)","decl":{"start":{"line":124,"column":32},"end":{"line":124,"column":37}},"loc":{"start":{"line":124,"column":37},"end":{"line":124,"column":61}},"line":124},"7":{"name":"(anonymous_7)","decl":{"start":{"line":137,"column":21},"end":{"line":137,"column":22}},"loc":{"start":{"line":137,"column":37},"end":{"line":144,"column":null}},"line":137},"8":{"name":"(anonymous_8)","decl":{"start":{"line":185,"column":27},"end":{"line":185,"column":28}},"loc":{"start":{"line":185,"column":37},"end":{"line":221,"column":15}},"line":185},"9":{"name":"(anonymous_9)","decl":{"start":{"line":191,"column":29},"end":{"line":191,"column":35}},"loc":{"start":{"line":191,"column":35},"end":{"line":191,"column":null}},"line":191}},"branchMap":{"0":{"loc":{"start":{"line":26,"column":6},"end":{"line":28,"column":null}},"type":"if","locations":[{"start":{"line":26,"column":6},"end":{"line":28,"column":null}},{"start":{},"end":{}}],"line":26},"1":{"loc":{"start":{"line":26,"column":10},"end":{"line":26,"column":69}},"type":"binary-expr","locations":[{"start":{"line":26,"column":10},"end":{"line":26,"column":26}},{"start":{"line":26,"column":26},"end":{"line":26,"column":69}}],"line":26},"2":{"loc":{"start":{"line":32,"column":6},"end":{"line":34,"column":null}},"type":"if","locations":[{"start":{"line":32,"column":6},"end":{"line":34,"column":null}},{"start":{},"end":{}}],"line":32},"3":{"loc":{"start":{"line":33,"column":24},"end":{"line":33,"column":62}},"type":"binary-expr","locations":[{"start":{"line":33,"column":24},"end":{"line":33,"column":38}},{"start":{"line":33,"column":38},"end":{"line":33,"column":62}}],"line":33},"4":{"loc":{"start":{"line":36,"column":17},"end":{"line":36,"column":35}},"type":"binary-expr","locations":[{"start":{"line":36,"column":17},"end":{"line":36,"column":33}},{"start":{"line":36,"column":33},"end":{"line":36,"column":35}}],"line":36},"5":{"loc":{"start":{"line":38,"column":6},"end":{"line":42,"column":null}},"type":"if","locations":[{"start":{"line":38,"column":6},"end":{"line":42,"column":null}},{"start":{"line":40,"column":13},"end":{"line":42,"column":null}}],"line":38},"6":{"loc":{"start":{"line":38,"column":10},"end":{"line":38,"column":70}},"type":"binary-expr","locations":[{"start":{"line":38,"column":10},"end":{"line":38,"column":44}},{"start":{"line":38,"column":44},"end":{"line":38,"column":70}}],"line":38},"7":{"loc":{"start":{"line":49,"column":4},"end":{"line":49,"column":null}},"type":"if","locations":[{"start":{"line":49,"column":4},"end":{"line":49,"column":null}},{"start":{},"end":{}}],"line":49},"8":{"loc":{"start":{"line":49,"column":8},"end":{"line":49,"column":33}},"type":"binary-expr","locations":[{"start":{"line":49,"column":8},"end":{"line":49,"column":23}},{"start":{"line":49,"column":23},"end":{"line":49,"column":33}}],"line":49},"9":{"loc":{"start":{"line":51,"column":4},"end":{"line":55,"column":null}},"type":"if","locations":[{"start":{"line":51,"column":4},"end":{"line":55,"column":null}},{"start":{"line":53,"column":11},"end":{"line":55,"column":null}}],"line":51},"10":{"loc":{"start":{"line":59,"column":4},"end":{"line":59,"column":null}},"type":"if","locations":[{"start":{"line":59,"column":4},"end":{"line":59,"column":null}},{"start":{},"end":{}}],"line":59},"11":{"loc":{"start":{"line":70,"column":6},"end":{"line":72,"column":null}},"type":"if","locations":[{"start":{"line":70,"column":6},"end":{"line":72,"column":null}},{"start":{},"end":{}}],"line":70},"12":{"loc":{"start":{"line":70,"column":10},"end":{"line":70,"column":69}},"type":"binary-expr","locations":[{"start":{"line":70,"column":10},"end":{"line":70,"column":26}},{"start":{"line":70,"column":26},"end":{"line":70,"column":69}}],"line":70},"13":{"loc":{"start":{"line":76,"column":6},"end":{"line":78,"column":null}},"type":"if","locations":[{"start":{"line":76,"column":6},"end":{"line":78,"column":null}},{"start":{},"end":{}}],"line":76},"14":{"loc":{"start":{"line":77,"column":24},"end":{"line":77,"column":59}},"type":"binary-expr","locations":[{"start":{"line":77,"column":24},"end":{"line":77,"column":38}},{"start":{"line":77,"column":38},"end":{"line":77,"column":59}}],"line":77},"15":{"loc":{"start":{"line":87,"column":6},"end":{"line":91,"column":null}},"type":"if","locations":[{"start":{"line":87,"column":6},"end":{"line":91,"column":null}},{"start":{"line":89,"column":13},"end":{"line":91,"column":null}}],"line":87},"16":{"loc":{"start":{"line":87,"column":10},"end":{"line":87,"column":70}},"type":"binary-expr","locations":[{"start":{"line":87,"column":10},"end":{"line":87,"column":44}},{"start":{"line":87,"column":44},"end":{"line":87,"column":70}}],"line":87},"17":{"loc":{"start":{"line":97,"column":4},"end":{"line":97,"column":null}},"type":"if","locations":[{"start":{"line":97,"column":4},"end":{"line":97,"column":null}},{"start":{},"end":{}}],"line":97},"18":{"loc":{"start":{"line":99,"column":4},"end":{"line":101,"column":null}},"type":"if","locations":[{"start":{"line":99,"column":4},"end":{"line":101,"column":null}},{"start":{},"end":{}}],"line":99},"19":{"loc":{"start":{"line":99,"column":60},"end":{"line":99,"column":106}},"type":"binary-expr","locations":[{"start":{"line":99,"column":60},"end":{"line":99,"column":81}},{"start":{"line":99,"column":81},"end":{"line":99,"column":106}}],"line":99},"20":{"loc":{"start":{"line":113,"column":6},"end":{"line":115,"column":null}},"type":"if","locations":[{"start":{"line":113,"column":6},"end":{"line":115,"column":null}},{"start":{},"end":{}}],"line":113},"21":{"loc":{"start":{"line":113,"column":10},"end":{"line":113,"column":69}},"type":"binary-expr","locations":[{"start":{"line":113,"column":10},"end":{"line":113,"column":26}},{"start":{"line":113,"column":26},"end":{"line":113,"column":69}}],"line":113},"22":{"loc":{"start":{"line":119,"column":6},"end":{"line":121,"column":null}},"type":"if","locations":[{"start":{"line":119,"column":6},"end":{"line":121,"column":null}},{"start":{},"end":{}}],"line":119},"23":{"loc":{"start":{"line":120,"column":24},"end":{"line":120,"column":61}},"type":"binary-expr","locations":[{"start":{"line":120,"column":24},"end":{"line":120,"column":38}},{"start":{"line":120,"column":38},"end":{"line":120,"column":61}}],"line":120},"24":{"loc":{"start":{"line":127,"column":6},"end":{"line":131,"column":null}},"type":"if","locations":[{"start":{"line":127,"column":6},"end":{"line":131,"column":null}},{"start":{"line":129,"column":13},"end":{"line":131,"column":null}}],"line":127},"25":{"loc":{"start":{"line":127,"column":10},"end":{"line":127,"column":70}},"type":"binary-expr","locations":[{"start":{"line":127,"column":10},"end":{"line":127,"column":44}},{"start":{"line":127,"column":44},"end":{"line":127,"column":70}}],"line":127},"26":{"loc":{"start":{"line":146,"column":2},"end":{"line":157,"column":null}},"type":"if","locations":[{"start":{"line":146,"column":2},"end":{"line":157,"column":null}},{"start":{},"end":{}}],"line":146},"27":{"loc":{"start":{"line":165,"column":9},"end":{"line":165,"column":null}},"type":"binary-expr","locations":[{"start":{"line":165,"column":9},"end":{"line":165,"column":18}},{"start":{"line":165,"column":18},"end":{"line":165,"column":null}}],"line":165},"28":{"loc":{"start":{"line":167,"column":9},"end":{"line":280,"column":null}},"type":"cond-expr","locations":[{"start":{"line":168,"column":10},"end":{"line":181,"column":null}},{"start":{"line":183,"column":10},"end":{"line":280,"column":null}}],"line":167},"29":{"loc":{"start":{"line":193,"column":30},"end":{"line":193,"column":null}},"type":"cond-expr","locations":[{"start":{"line":193,"column":56},"end":{"line":193,"column":65}},{"start":{"line":193,"column":65},"end":{"line":193,"column":null}}],"line":193},"30":{"loc":{"start":{"line":193,"column":30},"end":{"line":193,"column":56}},"type":"binary-expr","locations":[{"start":{"line":193,"column":30},"end":{"line":193,"column":45}},{"start":{"line":193,"column":45},"end":{"line":193,"column":56}}],"line":193},"31":{"loc":{"start":{"line":194,"column":22},"end":{"line":194,"column":null}},"type":"cond-expr","locations":[{"start":{"line":194,"column":74},"end":{"line":194,"column":80}},{"start":{"line":194,"column":80},"end":{"line":194,"column":null}}],"line":194},"32":{"loc":{"start":{"line":194,"column":22},"end":{"line":194,"column":74}},"type":"binary-expr","locations":[{"start":{"line":194,"column":32},"end":{"line":194,"column":47}},{"start":{"line":194,"column":47},"end":{"line":194,"column":60}},{"start":{"line":194,"column":60},"end":{"line":194,"column":74}}],"line":194},"33":{"loc":{"start":{"line":195,"column":30},"end":{"line":195,"column":null}},"type":"cond-expr","locations":[{"start":{"line":195,"column":43},"end":{"line":195,"column":79}},{"start":{"line":195,"column":79},"end":{"line":195,"column":null}}],"line":195},"34":{"loc":{"start":{"line":196,"column":34},"end":{"line":196,"column":null}},"type":"cond-expr","locations":[{"start":{"line":196,"column":47},"end":{"line":196,"column":75}},{"start":{"line":196,"column":75},"end":{"line":196,"column":null}}],"line":196},"35":{"loc":{"start":{"line":202,"column":27},"end":{"line":202,"column":null}},"type":"binary-expr","locations":[{"start":{"line":202,"column":27},"end":{"line":202,"column":40}},{"start":{"line":202,"column":40},"end":{"line":202,"column":null}}],"line":202},"36":{"loc":{"start":{"line":210,"column":27},"end":{"line":210,"column":null}},"type":"binary-expr","locations":[{"start":{"line":210,"column":27},"end":{"line":210,"column":46}},{"start":{"line":210,"column":46},"end":{"line":210,"column":null}}],"line":210},"37":{"loc":{"start":{"line":212,"column":25},"end":{"line":215,"column":null}},"type":"cond-expr","locations":[{"start":{"line":213,"column":26},"end":{"line":213,"column":null}},{"start":{"line":215,"column":26},"end":{"line":215,"column":null}}],"line":212},"38":{"loc":{"start":{"line":225,"column":13},"end":{"line":267,"column":null}},"type":"binary-expr","locations":[{"start":{"line":225,"column":13},"end":{"line":225,"column":null}},{"start":{"line":226,"column":14},"end":{"line":267,"column":null}}],"line":225},"39":{"loc":{"start":{"line":235,"column":28},"end":{"line":235,"column":null}},"type":"binary-expr","locations":[{"start":{"line":235,"column":28},"end":{"line":235,"column":43}},{"start":{"line":235,"column":43},"end":{"line":235,"column":null}}],"line":235},"40":{"loc":{"start":{"line":243,"column":19},"end":{"line":249,"column":null}},"type":"cond-expr","locations":[{"start":{"line":244,"column":20},"end":{"line":247,"column":null}},{"start":{"line":249,"column":20},"end":{"line":249,"column":null}}],"line":243},"41":{"loc":{"start":{"line":254,"column":28},"end":{"line":254,"column":null}},"type":"binary-expr","locations":[{"start":{"line":254,"column":28},"end":{"line":254,"column":43}},{"start":{"line":254,"column":43},"end":{"line":254,"column":null}}],"line":254},"42":{"loc":{"start":{"line":258,"column":19},"end":{"line":264,"column":null}},"type":"cond-expr","locations":[{"start":{"line":259,"column":20},"end":{"line":262,"column":null}},{"start":{"line":264,"column":20},"end":{"line":264,"column":null}}],"line":258},"43":{"loc":{"start":{"line":270,"column":13},"end":{"line":278,"column":null}},"type":"binary-expr","locations":[{"start":{"line":270,"column":13},"end":{"line":270,"column":null}},{"start":{"line":271,"column":14},"end":{"line":278,"column":null}}],"line":270}},"s":{"0":0,"1":0,"2":0,"3":0,"4":0,"5":0,"6":0,"7":0,"8":0,"9":0,"10":0,"11":0,"12":0,"13":0,"14":0,"15":0,"16":0,"17":0,"18":0,"19":0,"20":0,"21":0,"22":0,"23":0,"24":0,"25":0,"26":0,"27":0,"28":0,"29":0,"30":0,"31":0,"32":0,"33":0,"34":0,"35":0,"36":0,"37":0,"38":0,"39":0,"40":0,"41":0,"42":0,"43":0,"44":0,"45":0,"46":0,"47":0,"48":0,"49":0,"50":0,"51":0,"52":0,"53":0,"54":0,"55":0,"56":0,"57":0,"58":0,"59":0,"60":0,"61":0,"62":0,"63":0,"64":0,"65":0,"66":0,"67":0,"68":0,"69":0,"70":0,"71":0,"72":0,"73":0,"74":0,"75":0,"76":0,"77":0,"78":0},"f":{"0":0,"1":0,"2":0,"3":0,"4":0,"5":0,"6":0,"7":0,"8":0,"9":0},"b":{"0":[0,0],"1":[0,0],"2":[0,0],"3":[0,0],"4":[0,0],"5":[0,0],"6":[0,0],"7":[0,0],"8":[0,0],"9":[0,0],"10":[0,0],"11":[0,0],"12":[0,0],"13":[0,0],"14":[0,0],"15":[0,0],"16":[0,0],"17":[0,0],"18":[0,0],"19":[0,0],"20":[0,0],"21":[0,0],"22":[0,0],"23":[0,0],"24":[0,0],"25":[0,0],"26":[0,0],"27":[0,0],"28":[0,0],"29":[0,0],"30":[0,0],"31":[0,0],"32":[0,0,0],"33":[0,0],"34":[0,0],"35":[0,0],"36":[0,0],"37":[0,0],"38":[0,0],"39":[0,0],"40":[0,0],"41":[0,0],"42":[0,0],"43":[0,0]},"meta":{"lastBranch":44,"lastFunction":10,"lastStatement":79,"seen":{"s:4:17:4:Infinity":0,"f:6:24:6:34":0,"s:7:28:7:Infinity":1,"s:8:28:8:Infinity":2,"s:9:36:9:Infinity":3,"s:10:30:10:Infinity":4,"s:11:38:11:Infinity":5,"s:12:24:12:Infinity":6,"s:13:8:13:Infinity":7,"s:15:2:17:Infinity":8,"f:15:12:15:18":1,"s:16:4:16:Infinity":9,"s:19:23:46:Infinity":10,"f:19:23:19:35":2,"s:20:4:45:Infinity":11,"s:21:23:23:Infinity":12,"s:25:26:25:Infinity":13,"b:26:6:28:Infinity:undefined:undefined:undefined:undefined":0,"s:26:6:28:Infinity":14,"b:26:10:26:26:26:26:26:69":1,"s:27:8:27:Infinity":15,"s:30:19:30:Infinity":16,"b:32:6:34:Infinity:undefined:undefined:undefined:undefined":2,"s:32:6:34:Infinity":17,"s:33:8:33:Infinity":18,"b:33:24:33:38:33:38:33:62":3,"s:36:6:36:Infinity":19,"b:36:17:36:33:36:33:36:35":4,"b:38:6:42:Infinity:40:13:42:Infinity":5,"s:38:6:42:Infinity":20,"b:38:10:38:44:38:44:38:70":6,"s:39:8:39:Infinity":21,"s:41:8:41:Infinity":22,"s:44:6:44:Infinity":23,"s:48:26:56:Infinity":24,"f:48:26:48:27":3,"b:49:4:49:Infinity:undefined:undefined:undefined:undefined":7,"s:49:4:49:Infinity":25,"b:49:8:49:23:49:23:49:33":8,"s:49:33:49:Infinity":26,"b:51:4:55:Infinity:53:11:55:Infinity":9,"s:51:4:55:Infinity":27,"s:52:6:52:Infinity":28,"s:54:6:54:Infinity":29,"s:58:19:94:Infinity":30,"f:58:19:58:31":4,"b:59:4:59:Infinity:undefined:undefined:undefined:undefined":10,"s:59:4:59:Infinity":31,"s:59:23:59:Infinity":32,"s:61:4:61:Infinity":33,"s:62:4:62:Infinity":34,"s:64:4:93:Infinity":35,"s:65:23:67:Infinity":36,"s:69:26:69:Infinity":37,"b:70:6:72:Infinity:undefined:undefined:undefined:undefined":11,"s:70:6:72:Infinity":38,"b:70:10:70:26:70:26:70:69":12,"s:71:8:71:Infinity":39,"s:74:19:74:Infinity":40,"b:76:6:78:Infinity:undefined:undefined:undefined:undefined":13,"s:76:6:78:Infinity":41,"s:77:8:77:Infinity":42,"b:77:24:77:38:77:38:77:59":14,"s:80:6:85:Infinity":43,"b:87:6:91:Infinity:89:13:91:Infinity":15,"s:87:6:91:Infinity":44,"b:87:10:87:44:87:44:87:70":16,"s:88:8:88:Infinity":45,"s:90:8:90:Infinity":46,"s:92:6:92:Infinity":47,"s:96:21:135:Infinity":48,"f:96:21:96:33":5,"b:97:4:97:Infinity:undefined:undefined:undefined:undefined":17,"s:97:4:97:Infinity":49,"s:97:23:97:Infinity":50,"b:99:4:101:Infinity:undefined:undefined:undefined:undefined":18,"s:99:4:101:Infinity":51,"b:99:60:99:81:99:81:99:106":19,"s:100:6:100:Infinity":52,"s:103:4:103:Infinity":53,"s:104:4:104:Infinity":54,"s:106:4:134:Infinity":55,"s:107:23:110:Infinity":56,"s:112:26:112:Infinity":57,"b:113:6:115:Infinity:undefined:undefined:undefined:undefined":20,"s:113:6:115:Infinity":58,"b:113:10:113:26:113:26:113:69":21,"s:114:8:114:Infinity":59,"s:117:19:117:Infinity":60,"b:119:6:121:Infinity:undefined:undefined:undefined:undefined":22,"s:119:6:121:Infinity":61,"s:120:8:120:Infinity":62,"b:120:24:120:38:120:38:120:61":23,"s:124:6:124:Infinity":63,"f:124:32:124:37":6,"s:124:37:124:61":64,"s:125:6:125:Infinity":65,"b:127:6:131:Infinity:129:13:131:Infinity":24,"s:127:6:131:Infinity":66,"b:127:10:127:44:127:44:127:70":25,"s:128:8:128:Infinity":67,"s:130:8:130:Infinity":68,"s:133:6:133:Infinity":69,"s:137:21:144:Infinity":70,"f:137:21:137:22":7,"s:138:17:138:Infinity":71,"s:139:4:143:Infinity":72,"b:146:2:157:Infinity:undefined:undefined:undefined:undefined":26,"s:146:2:157:Infinity":73,"s:147:4:155:Infinity":74,"s:159:2:292:Infinity":75,"b:165:9:165:18:165:18:165:Infinity":27,"b:168:10:181:Infinity:183:10:280:Infinity":28,"f:185:27:185:28":8,"s:186:35:186:Infinity":76,"s:187:16:219:Infinity":77,"f:191:29:191:35":9,"s:191:35:191:Infinity":78,"b:193:56:193:65:193:65:193:Infinity":29,"b:193:30:193:45:193:45:193:56":30,"b:194:74:194:80:194:80:194:Infinity":31,"b:194:32:194:47:194:47:194:60:194:60:194:74":32,"b:195:43:195:79:195:79:195:Infinity":33,"b:196:47:196:75:196:75:196:Infinity":34,"b:202:27:202:40:202:40:202:Infinity":35,"b:210:27:210:46:210:46:210:Infinity":36,"b:213:26:213:Infinity:215:26:215:Infinity":37,"b:225:13:225:Infinity:226:14:267:Infinity":38,"b:235:28:235:43:235:43:235:Infinity":39,"b:244:20:247:Infinity:249:20:249:Infinity":40,"b:254:28:254:43:254:43:254:Infinity":41,"b:259:20:262:Infinity:264:20:264:Infinity":42,"b:270:13:270:Infinity:271:14:278:Infinity":43}}}
,"/Users/josephlavelle/Documents/School/Personal/Groq/frontend/src/pages/Login.jsx": {"path":"/Users/josephlavelle/Documents/School/Personal/Groq/frontend/src/pages/Login.jsx","statementMap":{"0":{"start":{"line":6,"column":24},"end":{"line":6,"column":null}},"1":{"start":{"line":7,"column":30},"end":{"line":7,"column":null}},"2":{"start":{"line":8,"column":24},"end":{"line":8,"column":null}},"3":{"start":{"line":9,"column":28},"end":{"line":9,"column":null}},"4":{"start":{"line":10,"column":32},"end":{"line":10,"column":null}},"5":{"start":{"line":11,"column":48},"end":{"line":11,"column":null}},"6":{"start":{"line":12,"column":40},"end":{"line":12,"column":null}},"7":{"start":{"line":13,"column":16},"end":{"line":13,"column":null}},"8":{"start":{"line":14,"column":8},"end":{"line":14,"column":null}},"9":{"start":{"line":15,"column":21},"end":{"line":15,"column":null}},"10":{"start":{"line":16,"column":23},"end":{"line":16,"column":null}},"11":{"start":{"line":18,"column":23},"end":{"line":36,"column":null}},"12":{"start":{"line":19,"column":4},"end":{"line":19,"column":null}},"13":{"start":{"line":20,"column":4},"end":{"line":20,"column":null}},"14":{"start":{"line":21,"column":4},"end":{"line":21,"column":null}},"15":{"start":{"line":22,"column":4},"end":{"line":22,"column":null}},"16":{"start":{"line":23,"column":4},"end":{"line":23,"column":null}},"17":{"start":{"line":25,"column":4},"end":{"line":35,"column":null}},"18":{"start":{"line":26,"column":6},"end":{"line":26,"column":null}},"19":{"start":{"line":27,"column":6},"end":{"line":27,"column":null}},"20":{"start":{"line":29,"column":6},"end":{"line":29,"column":null}},"21":{"start":{"line":30,"column":6},"end":{"line":32,"column":null}},"22":{"start":{"line":31,"column":8},"end":{"line":31,"column":null}},"23":{"start":{"line":34,"column":6},"end":{"line":34,"column":null}},"24":{"start":{"line":38,"column":35},"end":{"line":72,"column":null}},"25":{"start":{"line":39,"column":4},"end":{"line":39,"column":null}},"26":{"start":{"line":40,"column":4},"end":{"line":40,"column":null}},"27":{"start":{"line":41,"column":4},"end":{"line":41,"column":null}},"28":{"start":{"line":43,"column":4},"end":{"line":71,"column":null}},"29":{"start":{"line":44,"column":23},"end":{"line":49,"column":null}},"30":{"start":{"line":51,"column":26},"end":{"line":51,"column":null}},"31":{"start":{"line":52,"column":6},"end":{"line":54,"column":null}},"32":{"start":{"line":53,"column":8},"end":{"line":53,"column":null}},"33":{"start":{"line":56,"column":19},"end":{"line":56,"column":null}},"34":{"start":{"line":58,"column":6},"end":{"line":60,"column":null}},"35":{"start":{"line":59,"column":8},"end":{"line":59,"column":null}},"36":{"start":{"line":61,"column":6},"end":{"line":61,"column":null}},"37":{"start":{"line":62,"column":6},"end":{"line":62,"column":null}},"38":{"start":{"line":64,"column":6},"end":{"line":68,"column":null}},"39":{"start":{"line":65,"column":8},"end":{"line":65,"column":null}},"40":{"start":{"line":67,"column":8},"end":{"line":67,"column":null}},"41":{"start":{"line":70,"column":6},"end":{"line":70,"column":null}},"42":{"start":{"line":74,"column":2},"end":{"line":148,"column":null}},"43":{"start":{"line":94,"column":36},"end":{"line":94,"column":56}},"44":{"start":{"line":94,"column":56},"end":{"line":94,"column":84}},"45":{"start":{"line":115,"column":29},"end":{"line":115,"column":null}},"46":{"start":{"line":123,"column":29},"end":{"line":123,"column":null}}},"fnMap":{"0":{"name":"Login","decl":{"start":{"line":5,"column":24},"end":{"line":5,"column":32}},"loc":{"start":{"line":5,"column":32},"end":{"line":150,"column":null}},"line":5},"1":{"name":"(anonymous_1)","decl":{"start":{"line":18,"column":23},"end":{"line":18,"column":30}},"loc":{"start":{"line":18,"column":36},"end":{"line":36,"column":null}},"line":18},"2":{"name":"(anonymous_2)","decl":{"start":{"line":38,"column":35},"end":{"line":38,"column":47}},"loc":{"start":{"line":38,"column":47},"end":{"line":72,"column":null}},"line":38},"3":{"name":"(anonymous_3)","decl":{"start":{"line":94,"column":27},"end":{"line":94,"column":28}},"loc":{"start":{"line":94,"column":34},"end":{"line":94,"column":null}},"line":94},"4":{"name":"(anonymous_4)","decl":{"start":{"line":115,"column":22},"end":{"line":115,"column":23}},"loc":{"start":{"line":115,"column":29},"end":{"line":115,"column":null}},"line":115},"5":{"name":"(anonymous_5)","decl":{"start":{"line":123,"column":22},"end":{"line":123,"column":23}},"loc":{"start":{"line":123,"column":29},"end":{"line":123,"column":null}},"line":123}},"branchMap":{"0":{"loc":{"start":{"line":30,"column":6},"end":{"line":32,"column":null}},"type":"if","locations":[{"start":{"line":30,"column":6},"end":{"line":32,"column":null}},{"start":{},"end":{}}],"line":30},"1":{"loc":{"start":{"line":52,"column":6},"end":{"line":54,"column":null}},"type":"if","locations":[{"start":{"line":52,"column":6},"end":{"line":54,"column":null}},{"start":{},"end":{}}],"line":52},"2":{"loc":{"start":{"line":52,"column":10},"end":{"line":52,"column":69}},"type":"binary-expr","locations":[{"start":{"line":52,"column":10},"end":{"line":52,"column":26}},{"start":{"line":52,"column":26},"end":{"line":52,"column":69}}],"line":52},"3":{"loc":{"start":{"line":58,"column":6},"end":{"line":60,"column":null}},"type":"if","locations":[{"start":{"line":58,"column":6},"end":{"line":60,"column":null}},{"start":{},"end":{}}],"line":58},"4":{"loc":{"start":{"line":59,"column":24},"end":{"line":59,"column":56}},"type":"binary-expr","locations":[{"start":{"line":59,"column":24},"end":{"line":59,"column":38}},{"start":{"line":59,"column":38},"end":{"line":59,"column":56}}],"line":59},"5":{"loc":{"start":{"line":64,"column":6},"end":{"line":68,"column":null}},"type":"if","locations":[{"start":{"line":64,"column":6},"end":{"line":68,"column":null}},{"start":{"line":66,"column":13},"end":{"line":68,"column":null}}],"line":64},"6":{"loc":{"start":{"line":64,"column":10},"end":{"line":64,"column":70}},"type":"binary-expr","locations":[{"start":{"line":64,"column":10},"end":{"line":64,"column":44}},{"start":{"line":64,"column":44},"end":{"line":64,"column":70}}],"line":64},"7":{"loc":{"start":{"line":80,"column":9},"end":{"line":83,"column":null}},"type":"binary-expr","locations":[{"start":{"line":80,"column":9},"end":{"line":80,"column":null}},{"start":{"line":81,"column":10},"end":{"line":83,"column":null}}],"line":80},"8":{"loc":{"start":{"line":86,"column":9},"end":{"line":101,"column":null}},"type":"binary-expr","locations":[{"start":{"line":86,"column":9},"end":{"line":86,"column":null}},{"start":{"line":87,"column":10},"end":{"line":101,"column":null}}],"line":86},"9":{"loc":{"start":{"line":89,"column":13},"end":{"line":99,"column":null}},"type":"binary-expr","locations":[{"start":{"line":89,"column":13},"end":{"line":89,"column":null}},{"start":{"line":90,"column":14},"end":{"line":99,"column":null}}],"line":89},"10":{"loc":{"start":{"line":97,"column":19},"end":{"line":97,"column":null}},"type":"cond-expr","locations":[{"start":{"line":97,"column":31},"end":{"line":97,"column":46}},{"start":{"line":97,"column":46},"end":{"line":97,"column":null}}],"line":97},"11":{"loc":{"start":{"line":104,"column":9},"end":{"line":107,"column":null}},"type":"binary-expr","locations":[{"start":{"line":104,"column":9},"end":{"line":104,"column":null}},{"start":{"line":105,"column":10},"end":{"line":107,"column":null}}],"line":104},"12":{"loc":{"start":{"line":129,"column":13},"end":{"line":135,"column":null}},"type":"cond-expr","locations":[{"start":{"line":130,"column":14},"end":{"line":133,"column":null}},{"start":{"line":135,"column":14},"end":{"line":135,"column":null}}],"line":129}},"s":{"0":0,"1":0,"2":0,"3":0,"4":0,"5":0,"6":0,"7":0,"8":0,"9":0,"10":0,"11":0,"12":0,"13":0,"14":0,"15":0,"16":0,"17":0,"18":0,"19":0,"20":0,"21":0,"22":0,"23":0,"24":0,"25":0,"26":0,"27":0,"28":0,"29":0,"30":0,"31":0,"32":0,"33":0,"34":0,"35":0,"36":0,"37":0,"38":0,"39":0,"40":0,"41":0,"42":0,"43":0,"44":0,"45":0,"46":0},"f":{"0":0,"1":0,"2":0,"3":0,"4":0,"5":0},"b":{"0":[0,0],"1":[0,0],"2":[0,0],"3":[0,0],"4":[0,0],"5":[0,0],"6":[0,0],"7":[0,0],"8":[0,0],"9":[0,0],"10":[0,0],"11":[0,0],"12":[0,0]},"meta":{"lastBranch":13,"lastFunction":6,"lastStatement":47,"seen":{"f:5:24:5:32":0,"s:6:24:6:Infinity":0,"s:7:30:7:Infinity":1,"s:8:24:8:Infinity":2,"s:9:28:9:Infinity":3,"s:10:32:10:Infinity":4,"s:11:48:11:Infinity":5,"s:12:40:12:Infinity":6,"s:13:16:13:Infinity":7,"s:14:8:14:Infinity":8,"s:15:21:15:Infinity":9,"s:16:23:16:Infinity":10,"s:18:23:36:Infinity":11,"f:18:23:18:30":1,"s:19:4:19:Infinity":12,"s:20:4:20:Infinity":13,"s:21:4:21:Infinity":14,"s:22:4:22:Infinity":15,"s:23:4:23:Infinity":16,"s:25:4:35:Infinity":17,"s:26:6:26:Infinity":18,"s:27:6:27:Infinity":19,"s:29:6:29:Infinity":20,"b:30:6:32:Infinity:undefined:undefined:undefined:undefined":0,"s:30:6:32:Infinity":21,"s:31:8:31:Infinity":22,"s:34:6:34:Infinity":23,"s:38:35:72:Infinity":24,"f:38:35:38:47":2,"s:39:4:39:Infinity":25,"s:40:4:40:Infinity":26,"s:41:4:41:Infinity":27,"s:43:4:71:Infinity":28,"s:44:23:49:Infinity":29,"s:51:26:51:Infinity":30,"b:52:6:54:Infinity:undefined:undefined:undefined:undefined":1,"s:52:6:54:Infinity":31,"b:52:10:52:26:52:26:52:69":2,"s:53:8:53:Infinity":32,"s:56:19:56:Infinity":33,"b:58:6:60:Infinity:undefined:undefined:undefined:undefined":3,"s:58:6:60:Infinity":34,"s:59:8:59:Infinity":35,"b:59:24:59:38:59:38:59:56":4,"s:61:6:61:Infinity":36,"s:62:6:62:Infinity":37,"b:64:6:68:Infinity:66:13:68:Infinity":5,"s:64:6:68:Infinity":38,"b:64:10:64:44:64:44:64:70":6,"s:65:8:65:Infinity":39,"s:67:8:67:Infinity":40,"s:70:6:70:Infinity":41,"s:74:2:148:Infinity":42,"b:80:9:80:Infinity:81:10:83:Infinity":7,"b:86:9:86:Infinity:87:10:101:Infinity":8,"b:89:13:89:Infinity:90:14:99:Infinity":9,"f:94:27:94:28":3,"s:94:36:94:56":43,"s:94:56:94:84":44,"b:97:31:97:46:97:46:97:Infinity":10,"b:104:9:104:Infinity:105:10:107:Infinity":11,"f:115:22:115:23":4,"s:115:29:115:Infinity":45,"f:123:22:123:23":5,"s:123:29:123:Infinity":46,"b:130:14:133:Infinity:135:14:135:Infinity":12}}}
,"/Users/josephlavelle/Documents/School/Personal/Groq/frontend/src/pages/Questions.jsx": {"path":"/Users/josephlavelle/Documents/School/Personal/Groq/frontend/src/pages/Questions.jsx","statementMap":{"0":{"start":{"line":5,"column":17},"end":{"line":5,"column":null}},"1":{"start":{"line":8,"column":8},"end":{"line":8,"column":null}},"2":{"start":{"line":9,"column":8},"end":{"line":9,"column":null}},"3":{"start":{"line":10,"column":32},"end":{"line":10,"column":null}},"4":{"start":{"line":11,"column":30},"end":{"line":11,"column":null}},"5":{"start":{"line":12,"column":28},"end":{"line":12,"column":null}},"6":{"start":{"line":13,"column":28},"end":{"line":13,"column":null}},"7":{"start":{"line":14,"column":34},"end":{"line":14,"column":null}},"8":{"start":{"line":15,"column":24},"end":{"line":15,"column":null}},"9":{"start":{"line":17,"column":24},"end":{"line":17,"column":null}},"10":{"start":{"line":18,"column":25},"end":{"line":18,"column":null}},"11":{"start":{"line":20,"column":2},"end":{"line":24,"column":null}},"12":{"start":{"line":21,"column":4},"end":{"line":23,"column":null}},"13":{"start":{"line":22,"column":6},"end":{"line":22,"column":null}},"14":{"start":{"line":26,"column":25},"end":{"line":53,"column":null}},"15":{"start":{"line":27,"column":4},"end":{"line":52,"column":null}},"16":{"start":{"line":28,"column":23},"end":{"line":30,"column":null}},"17":{"start":{"line":32,"column":26},"end":{"line":32,"column":null}},"18":{"start":{"line":33,"column":6},"end":{"line":35,"column":null}},"19":{"start":{"line":34,"column":8},"end":{"line":34,"column":null}},"20":{"start":{"line":37,"column":19},"end":{"line":37,"column":null}},"21":{"start":{"line":39,"column":6},"end":{"line":41,"column":null}},"22":{"start":{"line":40,"column":8},"end":{"line":40,"column":null}},"23":{"start":{"line":43,"column":6},"end":{"line":43,"column":null}},"24":{"start":{"line":45,"column":6},"end":{"line":49,"column":null}},"25":{"start":{"line":46,"column":8},"end":{"line":46,"column":null}},"26":{"start":{"line":48,"column":8},"end":{"line":48,"column":null}},"27":{"start":{"line":51,"column":6},"end":{"line":51,"column":null}},"28":{"start":{"line":55,"column":29},"end":{"line":60,"column":null}},"29":{"start":{"line":56,"column":4},"end":{"line":59,"column":null}},"30":{"start":{"line":56,"column":26},"end":{"line":59,"column":6}},"31":{"start":{"line":62,"column":23},"end":{"line":112,"column":null}},"32":{"start":{"line":63,"column":4},"end":{"line":63,"column":null}},"33":{"start":{"line":64,"column":4},"end":{"line":64,"column":null}},"34":{"start":{"line":65,"column":4},"end":{"line":65,"column":null}},"35":{"start":{"line":67,"column":21},"end":{"line":67,"column":null}},"36":{"start":{"line":68,"column":4},"end":{"line":70,"column":null}},"37":{"start":{"line":69,"column":6},"end":{"line":69,"column":null}},"38":{"start":{"line":72,"column":4},"end":{"line":111,"column":null}},"39":{"start":{"line":73,"column":23},"end":{"line":77,"column":null}},"40":{"start":{"line":79,"column":26},"end":{"line":79,"column":null}},"41":{"start":{"line":80,"column":6},"end":{"line":82,"column":null}},"42":{"start":{"line":81,"column":8},"end":{"line":81,"column":null}},"43":{"start":{"line":84,"column":19},"end":{"line":84,"column":null}},"44":{"start":{"line":86,"column":6},"end":{"line":88,"column":null}},"45":{"start":{"line":87,"column":8},"end":{"line":87,"column":null}},"46":{"start":{"line":91,"column":6},"end":{"line":94,"column":null}},"47":{"start":{"line":96,"column":6},"end":{"line":102,"column":null}},"48":{"start":{"line":104,"column":6},"end":{"line":108,"column":null}},"49":{"start":{"line":105,"column":8},"end":{"line":105,"column":null}},"50":{"start":{"line":107,"column":8},"end":{"line":107,"column":null}},"51":{"start":{"line":110,"column":6},"end":{"line":110,"column":null}},"52":{"start":{"line":114,"column":2},"end":{"line":125,"column":null}},"53":{"start":{"line":115,"column":4},"end":{"line":123,"column":null}},"54":{"start":{"line":127,"column":2},"end":{"line":139,"column":null}},"55":{"start":{"line":128,"column":4},"end":{"line":137,"column":null}},"56":{"start":{"line":141,"column":2},"end":{"line":251,"column":null}},"57":{"start":{"line":152,"column":14},"end":{"line":172,"column":null}},"58":{"start":{"line":161,"column":18},"end":{"line":170,"column":null}},"59":{"start":{"line":166,"column":38},"end":{"line":166,"column":null}}},"fnMap":{"0":{"name":"Questions","decl":{"start":{"line":7,"column":24},"end":{"line":7,"column":36}},"loc":{"start":{"line":7,"column":36},"end":{"line":253,"column":null}},"line":7},"1":{"name":"(anonymous_1)","decl":{"start":{"line":20,"column":12},"end":{"line":20,"column":18}},"loc":{"start":{"line":20,"column":18},"end":{"line":24,"column":5}},"line":20},"2":{"name":"(anonymous_2)","decl":{"start":{"line":26,"column":25},"end":{"line":26,"column":37}},"loc":{"start":{"line":26,"column":37},"end":{"line":53,"column":null}},"line":26},"3":{"name":"(anonymous_3)","decl":{"start":{"line":55,"column":29},"end":{"line":55,"column":30}},"loc":{"start":{"line":55,"column":61},"end":{"line":60,"column":null}},"line":55},"4":{"name":"(anonymous_4)","decl":{"start":{"line":56,"column":15},"end":{"line":56,"column":16}},"loc":{"start":{"line":56,"column":26},"end":{"line":59,"column":6}},"line":56},"5":{"name":"(anonymous_5)","decl":{"start":{"line":62,"column":23},"end":{"line":62,"column":30}},"loc":{"start":{"line":62,"column":36},"end":{"line":112,"column":null}},"line":62},"6":{"name":"(anonymous_6)","decl":{"start":{"line":68,"column":36},"end":{"line":68,"column":37}},"loc":{"start":{"line":68,"column":54},"end":{"line":70,"column":5}},"line":68},"7":{"name":"(anonymous_7)","decl":{"start":{"line":151,"column":27},"end":{"line":151,"column":28}},"loc":{"start":{"line":152,"column":14},"end":{"line":172,"column":null}},"line":152},"8":{"name":"(anonymous_8)","decl":{"start":{"line":160,"column":31},"end":{"line":160,"column":32}},"loc":{"start":{"line":161,"column":18},"end":{"line":170,"column":null}},"line":161},"9":{"name":"(anonymous_9)","decl":{"start":{"line":166,"column":32},"end":{"line":166,"column":38}},"loc":{"start":{"line":166,"column":38},"end":{"line":166,"column":null}},"line":166}},"branchMap":{"0":{"loc":{"start":{"line":10,"column":45},"end":{"line":10,"column":76}},"type":"binary-expr","locations":[{"start":{"line":10,"column":45},"end":{"line":10,"column":74}},{"start":{"line":10,"column":74},"end":{"line":10,"column":76}}],"line":10},"1":{"loc":{"start":{"line":11,"column":43},"end":{"line":11,"column":75}},"type":"binary-expr","locations":[{"start":{"line":11,"column":43},"end":{"line":11,"column":71}},{"start":{"line":11,"column":71},"end":{"line":11,"column":75}}],"line":11},"2":{"loc":{"start":{"line":21,"column":4},"end":{"line":23,"column":null}},"type":"if","locations":[{"start":{"line":21,"column":4},"end":{"line":23,"column":null}},{"start":{},"end":{}}],"line":21},"3":{"loc":{"start":{"line":33,"column":6},"end":{"line":35,"column":null}},"type":"if","locations":[{"start":{"line":33,"column":6},"end":{"line":35,"column":null}},{"start":{},"end":{}}],"line":33},"4":{"loc":{"start":{"line":33,"column":10},"end":{"line":33,"column":69}},"type":"binary-expr","locations":[{"start":{"line":33,"column":10},"end":{"line":33,"column":26}},{"start":{"line":33,"column":26},"end":{"line":33,"column":69}}],"line":33},"5":{"loc":{"start":{"line":39,"column":6},"end":{"line":41,"column":null}},"type":"if","locations":[{"start":{"line":39,"column":6},"end":{"line":41,"column":null}},{"start":{},"end":{}}],"line":39},"6":{"loc":{"start":{"line":40,"column":24},"end":{"line":40,"column":64}},"type":"binary-expr","locations":[{"start":{"line":40,"column":24},"end":{"line":40,"column":38}},{"start":{"line":40,"column":38},"end":{"line":40,"column":64}}],"line":40},"7":{"loc":{"start":{"line":45,"column":6},"end":{"line":49,"column":null}},"type":"if","locations":[{"start":{"line":45,"column":6},"end":{"line":49,"column":null}},{"start":{"line":47,"column":13},"end":{"line":49,"column":null}}],"line":45},"8":{"loc":{"start":{"line":45,"column":10},"end":{"line":45,"column":70}},"type":"binary-expr","locations":[{"start":{"line":45,"column":10},"end":{"line":45,"column":44}},{"start":{"line":45,"column":44},"end":{"line":45,"column":70}}],"line":45},"9":{"loc":{"start":{"line":80,"column":6},"end":{"line":82,"column":null}},"type":"if","locations":[{"start":{"line":80,"column":6},"end":{"line":82,"column":null}},{"start":{},"end":{}}],"line":80},"10":{"loc":{"start":{"line":80,"column":10},"end":{"line":80,"column":69}},"type":"binary-expr","locations":[{"start":{"line":80,"column":10},"end":{"line":80,"column":26}},{"start":{"line":80,"column":26},"end":{"line":80,"column":69}}],"line":80},"11":{"loc":{"start":{"line":86,"column":6},"end":{"line":88,"column":null}},"type":"if","locations":[{"start":{"line":86,"column":6},"end":{"line":88,"column":null}},{"start":{},"end":{}}],"line":86},"12":{"loc":{"start":{"line":87,"column":24},"end":{"line":87,"column":64}},"type":"binary-expr","locations":[{"start":{"line":87,"column":24},"end":{"line":87,"column":38}},{"start":{"line":87,"column":38},"end":{"line":87,"column":64}}],"line":87},"13":{"loc":{"start":{"line":104,"column":6},"end":{"line":108,"column":null}},"type":"if","locations":[{"start":{"line":104,"column":6},"end":{"line":108,"column":null}},{"start":{"line":106,"column":13},"end":{"line":108,"column":null}}],"line":104},"14":{"loc":{"start":{"line":104,"column":10},"end":{"line":104,"column":70}},"type":"binary-expr","locations":[{"start":{"line":104,"column":10},"end":{"line":104,"column":44}},{"start":{"line":104,"column":44},"end":{"line":104,"column":70}}],"line":104},"15":{"loc":{"start":{"line":114,"column":2},"end":{"line":125,"column":null}},"type":"if","locations":[{"start":{"line":114,"column":2},"end":{"line":125,"column":null}},{"start":{},"end":{}}],"line":114},"16":{"loc":{"start":{"line":127,"column":2},"end":{"line":139,"column":null}},"type":"if","locations":[{"start":{"line":127,"column":2},"end":{"line":139,"column":null}},{"start":{},"end":{}}],"line":127},"17":{"loc":{"start":{"line":145,"column":15},"end":{"line":145,"column":39}},"type":"binary-expr","locations":[{"start":{"line":145,"column":15},"end":{"line":145,"column":27}},{"start":{"line":145,"column":27},"end":{"line":145,"column":39}}],"line":145},"18":{"loc":{"start":{"line":178,"column":24},"end":{"line":178,"column":null}},"type":"binary-expr","locations":[{"start":{"line":178,"column":24},"end":{"line":178,"column":38}},{"start":{"line":178,"column":38},"end":{"line":178,"column":null}}],"line":178},"19":{"loc":{"start":{"line":181,"column":15},"end":{"line":189,"column":null}},"type":"cond-expr","locations":[{"start":{"line":182,"column":16},"end":{"line":185,"column":null}},{"start":{"line":186,"column":18},"end":{"line":189,"column":null}}],"line":181},"20":{"loc":{"start":{"line":186,"column":18},"end":{"line":189,"column":null}},"type":"cond-expr","locations":[{"start":{"line":187,"column":16},"end":{"line":187,"column":null}},{"start":{"line":189,"column":16},"end":{"line":189,"column":null}}],"line":186}},"s":{"0":0,"1":0,"2":0,"3":0,"4":0,"5":0,"6":0,"7":0,"8":0,"9":0,"10":0,"11":0,"12":0,"13":0,"14":0,"15":0,"16":0,"17":0,"18":0,"19":0,"20":0,"21":0,"22":0,"23":0,"24":0,"25":0,"26":0,"27":0,"28":0,"29":0,"30":0,"31":0,"32":0,"33":0,"34":0,"35":0,"36":0,"37":0,"38":0,"39":0,"40":0,"41":0,"42":0,"43":0,"44":0,"45":0,"46":0,"47":0,"48":0,"49":0,"50":0,"51":0,"52":0,"53":0,"54":0,"55":0,"56":0,"57":0,"58":0,"59":0},"f":{"0":0,"1":0,"2":0,"3":0,"4":0,"5":0,"6":0,"7":0,"8":0,"9":0},"b":{"0":[0,0],"1":[0,0],"2":[0,0],"3":[0,0],"4":[0,0],"5":[0,0],"6":[0,0],"7":[0,0],"8":[0,0],"9":[0,0],"10":[0,0],"11":[0,0],"12":[0,0],"13":[0,0],"14":[0,0],"15":[0,0],"16":[0,0],"17":[0,0],"18":[0,0],"19":[0,0],"20":[0,0]},"meta":{"lastBranch":21,"lastFunction":10,"lastStatement":60,"seen":{"s:5:17:5:Infinity":0,"f:7:24:7:36":0,"s:8:8:8:Infinity":1,"s:9:8:9:Infinity":2,"s:10:32:10:Infinity":3,"b:10:45:10:74:10:74:10:76":0,"s:11:30:11:Infinity":4,"b:11:43:11:71:11:71:11:75":1,"s:12:28:12:Infinity":5,"s:13:28:13:Infinity":6,"s:14:34:14:Infinity":7,"s:15:24:15:Infinity":8,"s:17:24:17:Infinity":9,"s:18:25:18:Infinity":10,"s:20:2:24:Infinity":11,"f:20:12:20:18":1,"b:21:4:23:Infinity:undefined:undefined:undefined:undefined":2,"s:21:4:23:Infinity":12,"s:22:6:22:Infinity":13,"s:26:25:53:Infinity":14,"f:26:25:26:37":2,"s:27:4:52:Infinity":15,"s:28:23:30:Infinity":16,"s:32:26:32:Infinity":17,"b:33:6:35:Infinity:undefined:undefined:undefined:undefined":3,"s:33:6:35:Infinity":18,"b:33:10:33:26:33:26:33:69":4,"s:34:8:34:Infinity":19,"s:37:19:37:Infinity":20,"b:39:6:41:Infinity:undefined:undefined:undefined:undefined":5,"s:39:6:41:Infinity":21,"s:40:8:40:Infinity":22,"b:40:24:40:38:40:38:40:64":6,"s:43:6:43:Infinity":23,"b:45:6:49:Infinity:47:13:49:Infinity":7,"s:45:6:49:Infinity":24,"b:45:10:45:44:45:44:45:70":8,"s:46:8:46:Infinity":25,"s:48:8:48:Infinity":26,"s:51:6:51:Infinity":27,"s:55:29:60:Infinity":28,"f:55:29:55:30":3,"s:56:4:59:Infinity":29,"f:56:15:56:16":4,"s:56:26:59:6":30,"s:62:23:112:Infinity":31,"f:62:23:62:30":5,"s:63:4:63:Infinity":32,"s:64:4:64:Infinity":33,"s:65:4:65:Infinity":34,"s:67:21:67:Infinity":35,"s:68:4:70:Infinity":36,"f:68:36:68:37":6,"s:69:6:69:Infinity":37,"s:72:4:111:Infinity":38,"s:73:23:77:Infinity":39,"s:79:26:79:Infinity":40,"b:80:6:82:Infinity:undefined:undefined:undefined:undefined":9,"s:80:6:82:Infinity":41,"b:80:10:80:26:80:26:80:69":10,"s:81:8:81:Infinity":42,"s:84:19:84:Infinity":43,"b:86:6:88:Infinity:undefined:undefined:undefined:undefined":11,"s:86:6:88:Infinity":44,"s:87:8:87:Infinity":45,"b:87:24:87:38:87:38:87:64":12,"s:91:6:94:Infinity":46,"s:96:6:102:Infinity":47,"b:104:6:108:Infinity:106:13:108:Infinity":13,"s:104:6:108:Infinity":48,"b:104:10:104:44:104:44:104:70":14,"s:105:8:105:Infinity":49,"s:107:8:107:Infinity":50,"s:110:6:110:Infinity":51,"b:114:2:125:Infinity:undefined:undefined:undefined:undefined":15,"s:114:2:125:Infinity":52,"s:115:4:123:Infinity":53,"b:127:2:139:Infinity:undefined:undefined:undefined:undefined":16,"s:127:2:139:Infinity":54,"s:128:4:137:Infinity":55,"s:141:2:251:Infinity":56,"b:145:15:145:27:145:27:145:39":17,"f:151:27:151:28":7,"s:152:14:172:Infinity":57,"f:160:31:160:32":8,"s:161:18:170:Infinity":58,"f:166:32:166:38":9,"s:166:38:166:Infinity":59,"b:178:24:178:38:178:38:178:Infinity":18,"b:182:16:185:Infinity:186:18:189:Infinity":19,"b:187:16:187:Infinity:189:16:189:Infinity":20}}}
,"/Users/josephlavelle/Documents/School/Personal/Groq/frontend/src/pages/Results.jsx": {"path":"/Users/josephlavelle/Documents/School/Personal/Groq/frontend/src/pages/Results.jsx","statementMap":{"0":{"start":{"line":4,"column":17},"end":{"line":4,"column":null}},"1":{"start":{"line":7,"column":8},"end":{"line":7,"column":null}},"2":{"start":{"line":8,"column":46},"end":{"line":8,"column":null}},"3":{"start":{"line":9,"column":34},"end":{"line":9,"column":null}},"4":{"start":{"line":10,"column":30},"end":{"line":10,"column":null}},"5":{"start":{"line":11,"column":44},"end":{"line":11,"column":null}},"6":{"start":{"line":12,"column":40},"end":{"line":12,"column":null}},"7":{"start":{"line":14,"column":2},"end":{"line":16,"column":null}},"8":{"start":{"line":15,"column":4},"end":{"line":15,"column":null}},"9":{"start":{"line":18,"column":21},"end":{"line":18,"column":null}},"10":{"start":{"line":20,"column":21},"end":{"line":26,"column":null}},"11":{"start":{"line":21,"column":4},"end":{"line":21,"column":null}},"12":{"start":{"line":21,"column":28},"end":{"line":21,"column":null}},"13":{"start":{"line":22,"column":4},"end":{"line":22,"column":null}},"14":{"start":{"line":22,"column":26},"end":{"line":22,"column":null}},"15":{"start":{"line":23,"column":4},"end":{"line":23,"column":null}},"16":{"start":{"line":23,"column":26},"end":{"line":23,"column":null}},"17":{"start":{"line":24,"column":4},"end":{"line":24,"column":null}},"18":{"start":{"line":24,"column":26},"end":{"line":24,"column":null}},"19":{"start":{"line":25,"column":4},"end":{"line":25,"column":null}},"20":{"start":{"line":28,"column":18},"end":{"line":28,"column":null}},"21":{"start":{"line":30,"column":22},"end":{"line":76,"column":null}},"22":{"start":{"line":31,"column":4},"end":{"line":31,"column":null}},"23":{"start":{"line":32,"column":4},"end":{"line":32,"column":null}},"24":{"start":{"line":34,"column":4},"end":{"line":75,"column":null}},"25":{"start":{"line":35,"column":23},"end":{"line":46,"column":null}},"26":{"start":{"line":48,"column":26},"end":{"line":48,"column":null}},"27":{"start":{"line":49,"column":6},"end":{"line":51,"column":null}},"28":{"start":{"line":50,"column":8},"end":{"line":50,"column":null}},"29":{"start":{"line":53,"column":19},"end":{"line":53,"column":null}},"30":{"start":{"line":54,"column":6},"end":{"line":56,"column":null}},"31":{"start":{"line":55,"column":8},"end":{"line":55,"column":null}},"32":{"start":{"line":58,"column":28},"end":{"line":58,"column":null}},"33":{"start":{"line":59,"column":28},"end":{"line":64,"column":null}},"34":{"start":{"line":60,"column":8},"end":{"line":62,"column":null}},"35":{"start":{"line":66,"column":6},"end":{"line":66,"column":null}},"36":{"start":{"line":68,"column":6},"end":{"line":72,"column":null}},"37":{"start":{"line":69,"column":8},"end":{"line":69,"column":null}},"38":{"start":{"line":71,"column":8},"end":{"line":71,"column":null}},"39":{"start":{"line":74,"column":6},"end":{"line":74,"column":null}},"40":{"start":{"line":78,"column":2},"end":{"line":318,"column":null}},"41":{"start":{"line":134,"column":29},"end":{"line":134,"column":null}},"42":{"start":{"line":159,"column":18},"end":{"line":232,"column":null}},"43":{"start":{"line":185,"column":45},"end":{"line":185,"column":null}},"44":{"start":{"line":186,"column":48},"end":{"line":186,"column":null}},"45":{"start":{"line":188,"column":38},"end":{"line":188,"column":null}},"46":{"start":{"line":189,"column":42},"end":{"line":189,"column":null}},"47":{"start":{"line":190,"column":40},"end":{"line":190,"column":null}},"48":{"start":{"line":192,"column":24},"end":{"line":200,"column":null}},"49":{"start":{"line":193,"column":26},"end":{"line":193,"column":null}},"50":{"start":{"line":194,"column":26},"end":{"line":194,"column":null}},"51":{"start":{"line":195,"column":26},"end":{"line":195,"column":null}},"52":{"start":{"line":196,"column":24},"end":{"line":200,"column":null}},"53":{"start":{"line":197,"column":26},"end":{"line":197,"column":null}},"54":{"start":{"line":198,"column":26},"end":{"line":198,"column":null}},"55":{"start":{"line":199,"column":26},"end":{"line":199,"column":null}},"56":{"start":{"line":202,"column":24},"end":{"line":228,"column":null}}},"fnMap":{"0":{"name":"Results","decl":{"start":{"line":6,"column":24},"end":{"line":6,"column":34}},"loc":{"start":{"line":6,"column":34},"end":{"line":320,"column":null}},"line":6},"1":{"name":"(anonymous_1)","decl":{"start":{"line":20,"column":21},"end":{"line":20,"column":27}},"loc":{"start":{"line":20,"column":27},"end":{"line":26,"column":null}},"line":20},"2":{"name":"(anonymous_2)","decl":{"start":{"line":30,"column":22},"end":{"line":30,"column":34}},"loc":{"start":{"line":30,"column":34},"end":{"line":76,"column":null}},"line":30},"3":{"name":"(anonymous_3)","decl":{"start":{"line":59,"column":46},"end":{"line":59,"column":54}},"loc":{"start":{"line":59,"column":54},"end":{"line":64,"column":7}},"line":59},"4":{"name":"(anonymous_4)","decl":{"start":{"line":134,"column":23},"end":{"line":134,"column":29}},"loc":{"start":{"line":134,"column":29},"end":{"line":134,"column":null}},"line":134},"5":{"name":"(anonymous_5)","decl":{"start":{"line":158,"column":34},"end":{"line":158,"column":35}},"loc":{"start":{"line":159,"column":18},"end":{"line":232,"column":null}},"line":159},"6":{"name":"(anonymous_6)","decl":{"start":{"line":184,"column":40},"end":{"line":184,"column":41}},"loc":{"start":{"line":184,"column":62},"end":{"line":230,"column":23}},"line":184}},"branchMap":{"0":{"loc":{"start":{"line":8,"column":24},"end":{"line":8,"column":42}},"type":"default-arg","locations":[{"start":{"line":8,"column":39},"end":{"line":8,"column":42}}],"line":8},"1":{"loc":{"start":{"line":8,"column":46},"end":{"line":8,"column":null}},"type":"binary-expr","locations":[{"start":{"line":8,"column":46},"end":{"line":8,"column":64}},{"start":{"line":8,"column":64},"end":{"line":8,"column":null}}],"line":8},"2":{"loc":{"start":{"line":14,"column":2},"end":{"line":16,"column":null}},"type":"if","locations":[{"start":{"line":14,"column":2},"end":{"line":16,"column":null}},{"start":{},"end":{}}],"line":14},"3":{"loc":{"start":{"line":14,"column":6},"end":{"line":14,"column":50}},"type":"binary-expr","locations":[{"start":{"line":14,"column":6},"end":{"line":14,"column":29}},{"start":{"line":14,"column":29},"end":{"line":14,"column":50}}],"line":14},"4":{"loc":{"start":{"line":21,"column":4},"end":{"line":21,"column":null}},"type":"if","locations":[{"start":{"line":21,"column":4},"end":{"line":21,"column":null}},{"start":{},"end":{}}],"line":21},"5":{"loc":{"start":{"line":22,"column":4},"end":{"line":22,"column":null}},"type":"if","locations":[{"start":{"line":22,"column":4},"end":{"line":22,"column":null}},{"start":{},"end":{}}],"line":22},"6":{"loc":{"start":{"line":23,"column":4},"end":{"line":23,"column":null}},"type":"if","locations":[{"start":{"line":23,"column":4},"end":{"line":23,"co
[...]
lumn":null}},"24":{"start":{"line":36,"column":6},"end":{"line":36,"column":null}},"25":{"start":{"line":40,"column":27},"end":{"line":42,"column":null}},"26":{"start":{"line":41,"column":4},"end":{"line":41,"column":null}},"27":{"start":{"line":44,"column":21},"end":{"line":52,"column":null}},"28":{"start":{"line":45,"column":4},"end":{"line":45,"column":null}},"29":{"start":{"line":46,"column":4},"end":{"line":46,"column":null}},"30":{"start":{"line":47,"column":4},"end":{"line":51,"column":null}},"31":{"start":{"line":48,"column":6},"end":{"line":48,"column":null}},"32":{"start":{"line":49,"column":4},"end":{"line":51,"column":null}},"33":{"start":{"line":50,"column":6},"end":{"line":50,"column":null}},"34":{"start":{"line":54,"column":21},"end":{"line":62,"column":null}},"35":{"start":{"line":55,"column":4},"end":{"line":55,"column":null}},"36":{"start":{"line":56,"column":4},"end":{"line":56,"column":null}},"37":{"start":{"line":57,"column":4},"end":{"line":57,"column":null}},"38":{"start":{"line":58,"column":4},"end":{"line":61,"column":null}},"39":{"start":{"line":59,"column":6},"end":{"line":59,"column":null}},"40":{"start":{"line":60,"column":6},"end":{"line":60,"column":null}},"41":{"start":{"line":64,"column":23},"end":{"line":68,"column":null}},"42":{"start":{"line":65,"column":4},"end":{"line":65,"column":null}},"43":{"start":{"line":66,"column":4},"end":{"line":66,"column":null}},"44":{"start":{"line":67,"column":4},"end":{"line":67,"column":null}},"45":{"start":{"line":70,"column":29},"end":{"line":114,"column":null}},"46":{"start":{"line":71,"column":4},"end":{"line":71,"column":null}},"47":{"start":{"line":72,"column":4},"end":{"line":72,"column":null}},"48":{"start":{"line":74,"column":21},"end":{"line":74,"column":null}},"49":{"start":{"line":75,"column":4},"end":{"line":75,"column":null}},"50":{"start":{"line":76,"column":4},"end":{"line":76,"column":null}},"51":{"start":{"line":77,"column":4},"end":{"line":77,"column":null}},"52":{"start":{"line":79,"column":4},"end":{"line":113,"column":null}},"53":{"start":{"line":80,"column":23},"end":{"line":84,"column":null}},"54":{"start":{"line":88,"column":26},"end":{"line":88,"column":null}},"55":{"start":{"line":89,"column":6},"end":{"line":97,"column":null}},"56":{"start":{"line":90,"column":8},"end":{"line":90,"column":null}},"57":{"start":{"line":93,"column":8},"end":{"line":95,"column":null}},"58":{"start":{"line":94,"column":10},"end":{"line":94,"column":null}},"59":{"start":{"line":96,"column":8},"end":{"line":96,"column":null}},"60":{"start":{"line":99,"column":6},"end":{"line":101,"column":null}},"61":{"start":{"line":100,"column":8},"end":{"line":100,"column":null}},"62":{"start":{"line":103,"column":6},"end":{"line":103,"column":null}},"63":{"start":{"line":106,"column":6},"end":{"line":110,"column":null}},"64":{"start":{"line":107,"column":8},"end":{"line":107,"column":null}},"65":{"start":{"line":109,"column":8},"end":{"line":109,"column":null}},"66":{"start":{"line":112,"column":6},"end":{"line":112,"column":null}},"67":{"start":{"line":116,"column":2},"end":{"line":307,"column":null}},"68":{"start":{"line":129,"column":29},"end":{"line":129,"column":null}},"69":{"start":{"line":144,"column":27},"end":{"line":144,"column":null}},"70":{"start":{"line":206,"column":43},"end":{"line":206,"column":64}},"71":{"start":{"line":206,"column":64},"end":{"line":206,"column":86}},"72":{"start":{"line":207,"column":43},"end":{"line":207,"column":64}},"73":{"start":{"line":207,"column":64},"end":{"line":207,"column":87}},"74":{"start":{"line":208,"column":36},"end":{"line":208,"column":null}},"75":{"start":{"line":268,"column":54},"end":{"line":268,"column":null}},"76":{"start":{"line":269,"column":57},"end":{"line":269,"column":null}},"77":{"start":{"line":279,"column":33},"end":{"line":279,"column":null}},"78":{"start":{"line":293,"column":31},"end":{"line":293,"column":null}}},"fnMap":{"0":{"name":"Upload","decl":{"start":{"line":6,"column":24},"end":{"line":6,"column":33}},"loc":{"start":{"line":6,"column":33},"end":{"line":309,"column":null}},"line":6},"1":{"name":"(anonymous_1)","decl":{"start":{"line":20,"column":21},"end":{"line":20,"column":22}},"loc":{"start":{"line":20,"column":31},"end":{"line":38,"column":null}},"line":20},"2":{"name":"(anonymous_2)","decl":{"start":{"line":28,"column":22},"end":{"line":28,"column":28}},"loc":{"start":{"line":28,"column":28},"end":{"line":31,"column":null}},"line":28},"3":{"name":"(anonymous_3)","decl":{"start":{"line":40,"column":27},"end":{"line":40,"column":28}},"loc":{"start":{"line":40,"column":34},"end":{"line":42,"column":null}},"line":40},"4":{"name":"(anonymous_4)","decl":{"start":{"line":44,"column":21},"end":{"line":44,"column":22}},"loc":{"start":{"line":44,"column":28},"end":{"line":52,"column":null}},"line":44},"5":{"name":"(anonymous_5)","decl":{"start":{"line":54,"column":21},"end":{"line":54,"column":22}},"loc":{"start":{"line":54,"column":28},"end":{"line":62,"column":null}},"line":54},"6":{"name":"(anonymous_6)","decl":{"start":{"line":64,"column":23},"end":{"line":64,"column":24}},"loc":{"start":{"line":64,"column":30},"end":{"line":68,"column":null}},"line":64},"7":{"name":"(anonymous_7)","decl":{"start":{"line":70,"column":29},"end":{"line":70,"column":41}},"loc":{"start":{"line":70,"column":41},"end":{"line":114,"column":null}},"line":70},"8":{"name":"(anonymous_8)","decl":{"start":{"line":129,"column":22},"end":{"line":129,"column":23}},"loc":{"start":{"line":129,"column":29},"end":{"line":129,"column":null}},"line":129},"9":{"name":"(anonymous_9)","decl":{"start":{"line":144,"column":21},"end":{"line":144,"column":27}},"loc":{"start":{"line":144,"column":27},"end":{"line":144,"column":null}},"line":144},"10":{"name":"(anonymous_10)","decl":{"start":{"line":206,"column":34},"end":{"line":206,"column":35}},"loc":{"start":{"line":206,"column":41},"end":{"line":206,"column":null}},"line":206},"11":{"name":"(anonymous_11)","decl":{"start":{"line":207,"column":34},"end":{"line":207,"column":35}},"loc":{"start":{"line":207,"column":41},"end":{"line":207,"column":null}},"line":207},"12":{"name":"(anonymous_12)","decl":{"start":{"line":208,"column":29},"end":{"line":208,"column":30}},"loc":{"start":{"line":208,"column":36},"end":{"line":208,"column":null}},"line":208},"13":{"name":"(anonymous_13)","decl":{"start":{"line":268,"column":48},"end":{"line":268,"column":54}},"loc":{"start":{"line":268,"column":54},"end":{"line":268,"column":null}},"line":268},"14":{"name":"(anonymous_14)","decl":{"start":{"line":269,"column":50},"end":{"line":269,"column":51}},"loc":{"start":{"line":269,"column":57},"end":{"line":269,"column":null}},"line":269},"15":{"name":"(anonymous_15)","decl":{"start":{"line":279,"column":26},"end":{"line":279,"column":27}},"loc":{"start":{"line":279,"column":33},"end":{"line":279,"column":null}},"line":279},"16":{"name":"(anonymous_16)","decl":{"start":{"line":293,"column":25},"end":{"line":293,"column":31}},"loc":{"start":{"line":293,"column":31},"end":{"line":293,"column":null}},"line":293}},"branchMap":{"0":{"loc":{"start":{"line":21,"column":4},"end":{"line":21,"column":null}},"type":"if","locations":[{"start":{"line":21,"column":4},"end":{"line":21,"column":null}},{"start":{},"end":{}}],"line":21},"1":{"loc":{"start":{"line":26,"column":4},"end":{"line":37,"column":null}},"type":"if","locations":[{"start":{"line":26,"column":4},"end":{"line":37,"column":null}},{"start":{"line":33,"column":11},"end":{"line":37,"column":null}}],"line":26},"2":{"loc":{"start":{"line":26,"column":8},"end":{"line":26,"column":66}},"type":"binary-expr","locations":[{"start":{"line":26,"column":8},"end":{"line":26,"column":38}},{"start":{"line":26,"column":38},"end":{"line":26,"column":66}}],"line":26},"3":{"loc":{"start":{"line":47,"column":4},"end":{"line":51,"column":null}},"type":"if","locations":[{"start":{"line":47,"column":4},"end":{"line":51,"column":null}},{"start":{"line":49,"column":4},"end":{"line":51,"column":null}}],"line":47},"4":{"loc":{"start":{"line":47,"column":8},"end":{"line":47,"column":57}},"type":"binary-expr","locations":[{"start":{"line":47,"column":8},"end":{"line":47,"column":34}},{"start":{"line":47,"column":34},"end":{"line":47,"column":57}}],"line":47},"5":{"loc":{"start":{"line":49,"column":4},"end":{"line":51,"column":null}},"type":"if","locations":[{"start":{"line":49,"column":4},"end":{"line":51,"column":null}},{"start":{},"end":{}}],"line":49},"6":{"loc":{"start":{"line":58,"column":4},"end":{"line":61,"column":null}},"type":"if","locations":[{"start":{"line":58,"column":4},"end":{"line":61,"column":null}},{"start":{},"end":{}}],"line":58},"7":{"loc":{"start":{"line":58,"column":8},"end":{"line":58,"column":57}},"type":"binary-expr","locations":[{"start":{"line":58,"column":8},"end":{"line":58,"column":32}},{"start":{"line":58,"column":32},"end":{"line":58,"column":57}}],"line":58},"8":{"loc":{"start":{"line":89,"column":6},"end":{"line":97,"column":null}},"type":"if","locations":[{"start":{"line":89,"column":6},"end":{"line":97,"column":null}},{"start":{"line":91,"column":13},"end":{"line":97,"column":null}}],"line":89},"9":{"loc":{"start":{"line":89,"column":10},"end":{"line":89,"column":67}},"type":"binary-expr","locations":[{"start":{"line":89,"column":10},"end":{"line":89,"column":25}},{"start":{"line":89,"column":25},"end":{"line":89,"column":67}}],"line":89},"10":{"loc":{"start":{"line":93,"column":8},"end":{"line":95,"column":null}},"type":"if","locations":[{"start":{"line":93,"column":8},"end":{"line":95,"column":null}},{"start":{},"end":{}}],"line":93},"11":{"loc":{"start":{"line":99,"column":6},"end":{"line":101,"column":null}},"type":"if","locations":[{"start":{"line":99,"column":6},"end":{"line":101,"column":null}},{"start":{},"end":{}}],"line":99},"12":{"loc":{"start":{"line":100,"column":24},"end":{"line":100,"column":53}},"type":"binary-expr","locations":[{"start":{"line":100,"column":24},"end":{"line":100,"column":38}},{"start":{"line":100,"column":38},"end":{"line":100,"column":53}}],"line":100},"13":{"loc":{"start":{"line":106,"column":6},"end":{"line":110,"column":null}},"type":"if","locations":[{"start":{"line":106,"column":6},"end":{"line":110,"column":null}},{"start":{"line":108,"column":13},"end":{"line":110,"column":null}}],"line":106},"14":{"loc":{"start":{"line":106,"column":10},"end":{"line":106,"column":70}},"type":"binary-expr","locations":[{"start":{"line":106,"column":10},"end":{"line":106,"column":44}},{"start":{"line":106,"column":44},"end":{"line":106,"column":70}}],"line":106},"15":{"loc":{"start":{"line":122,"column":9},"end":{"line":122,"column":null}},"type":"binary-expr","locations":[{"start":{"line":122,"column":9},"end":{"line":122,"column":18}},{"start":{"line":122,"column":18},"end":{"line":122,"column":null}}],"line":122},"16":{"loc":{"start":{"line":143,"column":41},"end":{"line":143,"column":67}},"type":"cond-expr","locations":[{"start":{"line":143,"column":54},"end":{"line":143,"column":65}},{"start":{"line":143,"column":65},"end":{"line":143,"column":67}}],"line":143},"17":{"loc":{"start":{"line":143,"column":71},"end":{"line":143,"column":97}},"type":"cond-expr","locations":[{"start":{"line":143,"column":82},"end":{"line":143,"column":95}},{"start":{"line":143,"column":95},"end":{"line":143,"column":97}}],"line":143},"18":{"loc":{"start":{"line":153,"column":36},"end":{"line":153,"column":96}},"type":"cond-expr","locations":[{"start":{"line":153,"column":49},"end":{"line":153,"column":75}},{"start":{"line":153,"column":75},"end":{"line":153,"column":96}}],"line":153},"19":{"loc":{"start":{"line":155,"column":26},"end":{"line":155,"column":null}},"type":"cond-expr","locations":[{"start":{"line":155,"column":39},"end":{"line":155,"column":67}},{"start":{"line":155,"column":67},"end":{"line":155,"column":null}}],"line":155},"20":{"loc":{"start":{"line":160,"column":13},"end":{"line":234,"column":null}},"type":"cond-expr","locations":[{"start":{"line":161,"column":14},"end":{"line":169,"column":null}},{"start":{"line":171,"column":14},"end":{"line":234,"column":null}}],"line":160},"21":{"loc":{"start":{"line":211,"column":21},"end":{"line":230,"column":null}},"type":"binary-expr","locations":[{"start":{"line":211,"column":21},"end":{"line":211,"column":null}},{"start":{"line":212,"column":22},"end":{"line":230,"column":null}}],"line":211},"22":{"loc":{"start":{"line":238,"column":11},"end":{"line":242,"column":null}},"type":"binary-expr","locations":[{"start":{"line":238,"column":11},"end":{"line":238,"column":null}},{"start":{"line":239,"column":12},"end":{"line":242,"column":null}}],"line":238},"23":{"loc":{"start":{"line":248,"column":22},"end":{"line":248,"column":null}},"type":"binary-expr","locations":[{"start":{"line":248,"column":22},"end":{"line":248,"column":33}},{"start":{"line":248,"column":33},"end":{"line":248,"column":null}}],"line":248},"24":{"loc":{"start":{"line":251,"column":13},"end":{"line":257,"column":null}},"type":"cond-expr","locations":[{"start":{"line":252,"column":14},"end":{"line":255,"column":null}},{"start":{"line":257,"column":14},"end":{"line":257,"column":null}}],"line":251},"25":{"loc":{"start":{"line":267,"column":7},"end":{"line":305,"column":null}},"type":"binary-expr","locations":[{"start":{"line":267,"column":7},"end":{"line":267,"column":null}},{"start":{"line":268,"column":8},"end":{"line":305,"column":null}}],"line":267}},"s":{"0":1,"1":78,"2":78,"3":78,"4":78,"5":78,"6":78,"7":78,"8":78,"9":78,"10":78,"11":78,"12":78,"13":78,"14":7,"15":0,"16":7,"17":7,"18":7,"19":7,"20":7,"21":7,"22":7,"23":0,"24":0,"25":78,"26":7,"27":78,"28":0,"29":0,"30":0,"31":0,"32":0,"33":0,"34":78,"35":0,"36":0,"37":0,"38":0,"39":0,"40":0,"41":78,"42":5,"43":5,"44":5,"45":78,"46":2,"47":2,"48":2,"49":2,"50":2,"51":2,"52":2,"53":2,"54":2,"55":2,"56":2,"57":0,"58":0,"59":0,"60":2,"61":1,"62":1,"63":1,"64":0,"65":1,"66":2,"67":78,"68":45,"69":0,"70":0,"71":0,"72":0,"73":0,"74":0,"75":0,"76":3,"77":0,"78":1},"f":{"0":78,"1":7,"2":7,"3":7,"4":0,"5":0,"6":5,"7":2,"8":45,"9":0,"10":0,"11":0,"12":0,"13":0,"14":3,"15":0,"16":1},"b":{"0":[0,7],"1":[7,0],"2":[7,0],"3":[0,0],"4":[0,0],"5":[0,0],"6":[0,0],"7":[0,0],"8":[2,0],"9":[2,2],"10":[0,0],"11":[1,1],"12":[1,0],"13":[0,1],"14":[1,1],"15":[78,1],"16":[0,78],"17":[24,54],"18":[0,78],"19":[0,78],"20":[24,54],"21":[54,0],"22":[78,17],"23":[78,76],"24":[2,76],"25":[78,5]},"meta":{"lastBranch":26,"lastFunction":17,"lastStatement":79,"seen":{"s:4:17:4:Infinity":0,"f:6:24:6:33":0,"s:7:30:7:Infinity":1,"s:8:30:8:Infinity":2,"s:9:28:9:Infinity":3,"s:10:36:10:Infinity":4,"s:11:28:11:Infinity":5,"s:12:24:12:Infinity":6,"s:13:34:13:Infinity":7,"s:14:36:14:Infinity":8,"s:15:32:15:Infinity":9,"s:16:38:16:Infinity":10,"s:17:8:17:Infinity":11,"s:18:8:18:Infinity":12,"s:20:21:38:Infinity":13,"f:20:21:20:22":1,"b:21:4:21:Infinity:undefined:undefined:undefined:undefined":0,"s:21:4:21:Infinity":14,"s:21:15:21:Infinity":15,"s:23:4:23:Infinity":16,"b:26:4:37:Infinity:33:11:37:Infinity":1,"s:26:4:37:Infinity":17,"b:26:8:26:38:26:38:26:66":2,"s:27:21:27:Infinity":18,"s:28:6:31:Infinity":19,"f:28:22:28:28":2,"s:29:8:29:Infinity":20,"s:30:8:30:Infinity":21,"s:32:6:32:Infinity":22,"s:35:6:35:Infinity":23,"s:36:6:36:Infinity":24,"s:40:27:42:Infinity":25,"f:40:27:40:28":3,"s:41:4:41:Infinity":26,"s:44:21:52:Infinity":27,"f:44:21:44:22":4,"s:45:4:45:Infinity":28,"s:46:4:46:Infinity":29,"b:47:4:51:Infinity:49:4:51:Infinity":3,"s:47:4:51:Infinity":30,"b:47:8:47:34:47:34:47:57":4,"s:48:6:48:Infinity":31,"b:49:4:51:Infinity:undefined:undefined:undefined:undefined":5,"s:49:4:51:Infinity":32,"s:50:6:50:Infinity":33,"s:54:21:62:Infinity":34,"f:54:21:54:22":5,"s:55:4:55:Infinity":35,"s:56:4:56:Infinity":36,"s:57:4:57:Infinity":37,"b:58:4:61:Infinity:undefined:undefined:undefined:undefined":6,"s:58:4:61:Infinity":38,"b:58:8:58:32:58:32:58:57":7,"s:59:6:59:Infinity":39,"s:60:6:60:Infinity":40,"s:64:23:68:Infinity":41,"f:64:23:64:24":6,"s:65:4:65:Infinity":42,"s:66:4:66:Infinity":43,"s:67:4:67:Infinity":44,"s:70:29:114:Infinity":45,"f:70:29:70:41":7,"s:71:4:71:Infinity":46,"s:72:4:72:Infinity":47,"s:74:21:74:Infinity":48,"s:75:4:75:Infinity":49,"s:76:4:76:Infinity":50,"s:77:4:77:Infinity":51,"s:79:4:113:Infinity":52,"s:80:23:84:Infinity":53,"s:88:26:88:Infinity":54,"b:89:6:97:Infinity:91:13:97:Infinity":8,"s:89:6:97:Infinity":55,"b:89:10:89:25:89:25:89:67":9,"s:90:8:90:Infinity":56,"b:93:8:95:Infinity:undefined:undefined:undefined:undefined":10,"s:93:8:95:Infinity":57,"s:94:10:94:Infinity":58,"s:96:8:96:Infinity":59,"b:99:6:101:Infinity:undefined:undefined:undefined:undefined":11,"s:99:6:101:Infinity":60,"s:100:8:100:Infinity":61,"b:100:24:100:38:100:38:100:53":12,"s:103:6:103:Infinity":62,"b:106:6:110:Infinity:108:13:110:Infinity":13,"s:106:6:110:Infinity":63,"b:106:10:106:44:106:44:106:70":14,"s:107:8:107:Infinity":64,"s:109:8:109:Infinity":65,"s:112:6:112:Infinity":66,"s:116:2:307:Infinity":67,"b:122:9:122:18:122:18:122:Infinity":15,"f:129:22:129:23":8,"s:129:29:129:Infinity":68,"b:143:54:143:65:143:65:143:67":16,"b:143:82:143:95:143:95:143:97":17,"f:144:21:144:27":9,"s:144:27:144:Infinity":69,"b:153:49:153:75:153:75:153:96":18,"b:155:39:155:67:155:67:155:Infinity":19,"b:161:14:169:Infinity:171:14:234:Infinity":20,"f:206:34:206:35":10,"s:206:43:206:64":70,"s:206:64:206:86":71,"f:207:34:207:35":11,"s:207:43:207:64":72,"s:207:64:207:87":73,"f:208:29:208:30":12,"s:208:36:208:Infinity":74,"b:211:21:211:Infinity:212:22:230:Infinity":21,"b:238:11:238:Infinity:239:12:242:Infinity":22,"b:248:22:248:33:248:33:248:Infinity":23,"b:252:14:255:Infinity:257:14:257:Infinity":24,"b:267:7:267:Infinity:268:8:305:Infinity":25,"f:268:48:268:54":13,"s:268:54:268:Infinity":75,"f:269:50:269:51":14,"s:269:57:269:Infinity":76,"f:279:26:279:27":15,"s:279:33:279:Infinity":77,"f:293:25:293:31":16,"s:293:31:293:Infinity":78}}}
,"/Users/josephlavelle/Documents/School/Personal/Groq/frontend/src/utils/analytics.js": {"path":"/Users/josephlavelle/Documents/School/Personal/Groq/frontend/src/utils/analytics.js","statementMap":{"0":{"start":{"line":1,"column":17},"end":{"line":1,"column":19}},"1":{"start":{"line":5,"column":18},"end":{"line":5,"column":62}},"2":{"start":{"line":6,"column":2},"end":{"line":9,"column":null}},"3":{"start":{"line":7,"column":4},"end":{"line":7,"column":null}},"4":{"start":{"line":8,"column":4},"end":{"line":8,"column":null}},"5":{"start":{"line":10,"column":2},"end":{"line":10,"column":null}},"6":{"start":{"line":14,"column":26},"end":{"line":21,"column":1}},"7":{"start":{"line":25,"column":2},"end":{"line":41,"column":null}},"8":{"start":{"line":26,"column":4},"end":{"line":37,"column":null}},"9":{"start":{"line":40,"column":4},"end":{"line":40,"column":null}}},"fnMap":{"0":{"name":"getSessionId","decl":{"start":{"line":4,"column":9},"end":{"line":4,"column":21}},"loc":{"start":{"line":4,"column":24},"end":{"line":11,"column":null}},"line":4},"1":{"name":"trackEvent","decl":{"start":{"line":24,"column":22},"end":{"line":24,"column":32}},"loc":{"start":{"line":24,"column":59},"end":{"line":42,"column":null}},"line":24}},"branchMap":{"0":{"loc":{"start":{"line":6,"column":2},"end":{"line":9,"column":null}},"type":"if","locations":[{"start":{"line":6,"column":2},"end":{"line":9,"column":null}},{"start":{},"end":{}}],"line":6},"1":{"loc":{"start":{"line":24,"column":44},"end":{"line":24,"column":57}},"type":"default-arg","locations":[{"start":{"line":24,"column":55},"end":{"line":24,"column":57}}],"line":24}},"s":{"0":0,"1":0,"2":0,"3":0,"4":0,"5":0,"6":0,"7":0,"8":0,"9":0},"f":{"0":0,"1":0},"b":{"0":[0,0],"1":[0]},"meta":{"lastBranch":2,"lastFunction":2,"lastStatement":10,"seen":{"s:1:17:1:19":0,"f:4:9:4:21":0,"s:5:18:5:62":1,"b:6:2:9:Infinity:undefined:undefined:undefined:undefined":0,"s:6:2:9:Infinity":2,"s:7:4:7:Infinity":3,"s:8:4:8:Infinity":4,"s:10:2:10:Infinity":5,"s:14:26:21:1":6,"f:24:22:24:32":1,"b:24:55:24:57":1,"s:25:2:41:Infinity":7,"s:26:4:37:Infinity":8,"s:40:4:40:Infinity":9}}}
}
